PRT1
44
99
82
4 0 8 0 (2048 1856 0 ) (2048 1024 0 ) (2048 1024 224 ) (2048 1856 224 ) 
4 0 2 0 (2048 1024 224 ) (2048 1024 0 ) (2353.777832 1024 0 ) (2304 1024 224 ) 
4 0 1 0 (2353.777588 1024 0 ) (2048 1024 0 ) (2048 1856 0 ) (2353.777832 1856 0 ) 
4 1 9 0 (2048 1024 -64 ) (2048 1024 0 ) (2048 1856 0 ) (2048 1856 -64 ) 
4 1 3 0 (2048 1024 0 ) (2048 1024 -64 ) (2368 1024 -64 ) (2353.777588 1024 0 ) 
4 2 10 0 (2048 0 0 ) (2048 0 224 ) (2048 1024 224 ) (2048 1024 0 ) 
4 2 4 0 (2048 0 224 ) (2048 0 0 ) (2353.777832 0 0 ) (2304 0 224 ) 
4 2 3 0 (2353.777588 0 0 ) (2048 0 0 ) (2048 1024 0 ) (2353.777832 1024 0 ) 
4 3 11 0 (2048 0 -64 ) (2048 0 0 ) (2048 1024 0 ) (2048 1024 -64 ) 
4 3 5 0 (2048 0 0 ) (2048 0 -64 ) (2368 0 -64 ) (2353.777588 0 0 ) 
4 4 12 0 (2048 -1024 0 ) (2048 -1024 224 ) (2048 0 224 ) (2048 0 0 ) 
4 4 6 0 (2048 -1024 224 ) (2048 -1024 0 ) (2353.777832 -1024 0 ) (2304 -1024 224 ) 
4 4 5 0 (2353.777588 -1024 0 ) (2048 -1024 0 ) (2048 0 0 ) (2353.777832 0 0 ) 
4 5 13 0 (2048 -1024 -64 ) (2048 -1024 0 ) (2048 0 0 ) (2048 0 -64 ) 
4 5 7 0 (2048 -1024 0 ) (2048 -1024 -64 ) (2368 -1024 -64 ) (2353.777588 -1024 0 ) 
4 6 14 0 (2048 -1248 224 ) (2048 -1024 224 ) (2048 -1024 0 ) (2048 -1248 0 ) 
4 6 7 0 (2048 -1248 0 ) (2048 -1024 0 ) (2353.777832 -1024 0 ) (2353.777588 -1248 0 ) 
4 7 15 0 (2048 -1248 -64 ) (2048 -1248 0 ) (2048 -1024 0 ) (2048 -1024 -64 ) 
4 8 16 0 (1024 1024 0 ) (1024 1024 224 ) (1024 1856 224 ) (1024 1856 0 ) 
4 8 10 0 (1024 1024 224 ) (1024 1024 0 ) (2048 1024 0 ) (2048 1024 224 ) 
4 8 9 0 (2048 1024 0 ) (1024 1024 0 ) (1024 1856 0 ) (2048 1856 0 ) 
4 9 17 0 (1024 1024 -64 ) (1024 1024 0 ) (1024 1856 0 ) (1024 1856 -64 ) 
4 9 11 0 (1024 1024 0 ) (1024 1024 -64 ) (2048 1024 -64 ) (2048 1024 0 ) 
4 10 19 0 (1024 0 0 ) (1024 0 32 ) (1024 1024 32 ) (1024 1024 0 ) 
4 10 18 0 (1024 0 32 ) (1024 0 224 ) (1024 1024 224 ) (1024 1024 32 ) 
4 10 12 0 (1024 0 224 ) (1024 0 0 ) (2048 0 0 ) (2048 0 224 ) 
4 10 11 0 (2048 0 0 ) (1024 0 0 ) (1024 1024 0 ) (2048 1024 0 ) 
4 11 23 0 (1024 0 -64 ) (1024 0 0 ) (1024 1024 0 ) (1024 1024 -64 ) 
4 11 13 0 (1024 0 0 ) (1024 0 -64 ) (2048 0 -64 ) (2048 0 0 ) 
4 12 24 0 (1024 -1024 0 ) (1024 -1024 224 ) (1024 0 224 ) (1024 0 0 ) 
4 12 14 0 (1024 -1024 224 ) (1024 -1024 0 ) (2048 -1024 0 ) (2048 -1024 224 ) 
4 12 13 0 (2048 -1024 0 ) (1024 -1024 0 ) (1024 0 0 ) (2048 0 0 ) 
4 13 25 0 (1024 -1024 -64 ) (1024 -1024 0 ) (1024 0 0 ) (1024 0 -64 ) 
4 13 15 0 (1024 -1024 0 ) (1024 -1024 -64 ) (2048 -1024 -64 ) (2048 -1024 0 ) 
4 14 26 0 (1024 -1248 224 ) (1024 -1024 224 ) (1024 -1024 0 ) (1024 -1248 0 ) 
4 14 15 0 (1024 -1248 0 ) (1024 -1024 0 ) (2048 -1024 0 ) (2048 -1248 0 ) 
4 15 27 0 (1024 -1248 -64 ) (1024 -1248 0 ) (1024 -1024 0 ) (1024 -1024 -64 ) 
4 16 28 0 (0 1856 0 ) (0 1024 0 ) (0 1024 224 ) (0 1856 224 ) 
4 16 21 0 (0 1024 32 ) (0 1024 0 ) (128 1024 0 ) (96 1024 32 ) 
4 16 19 0 (128 1024 0 ) (1024 1024 0 ) (1024 1024 32 ) (96 1024 32 ) 
4 16 18 0 (0 1024 224 ) (0 1024 32 ) (1024 1024 32 ) (1024 1024 224 ) 
4 16 17 0 (1024 1024 0 ) (0 1024 0 ) (0 1856 0 ) (1024 1856 0 ) 
4 17 29 0 (0 1856 -64 ) (0 1024 -64 ) (0 1024 0 ) (0 1856 0 ) 
4 17 23 0 (0 1024 0 ) (0 1024 -64 ) (1024 1024 -64 ) (1024 1024 0 ) 
4 18 30 0 (0 0 32 ) (0 0 224 ) (0 1024 224 ) (0 1024 32 ) 
4 18 24 0 (0 0 224 ) (0 0 32 ) (1024 0 32 ) (1024 0 224 ) 
4 18 22 0 (0 32 32 ) (0 96 32 ) (32 96 32 ) (32 32 32 ) 
4 18 21 0 (0 96 32 ) (0 1024 32 ) (96 1024 32 ) (96 96 32 ) 
4 18 20 0 (96 0 32 ) (0 0 32 ) (0 32 32 ) (96 32 32 ) 
4 18 19 0 (1024 0 32 ) (96 0 32 ) (96 1024 32 ) (1024 1024 32 ) 
4 19 24 0 (128 0 0 ) (1024 0 0 ) (1024 0 32 ) (96 0 32 ) 
4 19 23 0 (1024 0 0 ) (128 0 0 ) (128 1024 0 ) (1024 1024 0 ) 
4 19 21 0 (128 1024 0 ) (128 128 0 ) (96 96 32 ) (96 1024 32 ) 
3 19 20 0 (128 0 0 ) (96 0 32 ) (96 32 32 ) 
3 20 30 0 (0 0 0 ) (0 0 32 ) (0 32 32 ) 
4 20 24 0 (0 0 32 ) (0 0 0 ) (128 0 0 ) (96 0 32 ) 
3 20 22 0 (0 0 0 ) (0 32 32 ) (32 32 32 ) 
4 21 30 0 (0 96 32 ) (0 1024 32 ) (0 1024 0 ) (0 128 0 ) 
4 21 23 0 (0 128 0 ) (0 1024 0 ) (128 1024 0 ) (128 128 0 ) 
3 21 22 0 (0 128 0 ) (32 96 32 ) (0 96 32 ) 
4 22 30 0 (0 0 0 ) (0 32 32 ) (0 96 32 ) (0 128 0 ) 
4 23 31 0 (0 0 -64 ) (0 0 0 ) (0 1024 0 ) (0 1024 -64 ) 
4 23 25 0 (0 0 0 ) (0 0 -64 ) (1024 0 -64 ) (1024 0 0 ) 
4 24 32 0 (0 -1024 0 ) (0 -1024 224 ) (0 0 224 ) (0 0 0 ) 
4 24 26 0 (0 -1024 224 ) (0 -1024 0 ) (1024 -1024 0 ) (1024 -1024 224 ) 
4 24 25 0 (1024 -1024 0 ) (0 -1024 0 ) (0 0 0 ) (1024 0 0 ) 
4 25 33 0 (0 -1024 -64 ) (0 -1024 0 ) (0 0 0 ) (0 0 -64 ) 
4 25 27 0 (0 -1024 0 ) (0 -1024 -64 ) (1024 -1024 -64 ) (1024 -1024 0 ) 
4 26 34 0 (0 -1024 224 ) (0 -1024 0 ) (0 -1248 0 ) (0 -1248 224 ) 
4 26 27 0 (0 -1248 0 ) (0 -1024 0 ) (1024 -1024 0 ) (1024 -1248 0 ) 
4 27 35 0 (0 -1248 0 ) (0 -1024 0 ) (0 -1024 -64 ) (0 -1248 -64 ) 
4 28 36 0 (-1024 1024 0 ) (-1024 1024 224 ) (-1024 1856 224 ) (-1024 1856 0 ) 
4 28 30 0 (-1024 1024 224 ) (-1024 1024 0 ) (0 1024 0 ) (0 1024 224 ) 
4 28 29 0 (0 1024 0 ) (-1024 1024 0 ) (-1024 1856 0 ) (0 1856 0 ) 
4 29 37 0 (-1024 1024 -64 ) (-1024 1024 0 ) (-1024 1856 0 ) (-1024 1856 -64 ) 
4 29 31 0 (-1024 1024 0 ) (-1024 1024 -64 ) (0 1024 -64 ) (0 1024 0 ) 
4 30 38 0 (-1024 0 0 ) (-1024 0 224 ) (-1024 1024 224 ) (-1024 1024 0 ) 
4 30 32 0 (-1024 0 224 ) (-1024 0 0 ) (0 0 0 ) (0 0 224 ) 
4 30 31 0 (0 0 0 ) (-1024 0 0 ) (-1024 1024 0 ) (0 1024 0 ) 
4 31 39 0 (-1024 0 -64 ) (-1024 0 0 ) (-1024 1024 0 ) (-1024 1024 -64 ) 
4 31 33 0 (-1024 0 0 ) (-1024 0 -64 ) (0 0 -64 ) (0 0 0 ) 
4 32 40 0 (-1024 -1024 0 ) (-1024 -1024 224 ) (-1024 0 224 ) (-1024 0 0 ) 
4 32 34 0 (-1024 -1024 224 ) (-1024 -1024 0 ) (0 -1024 0 ) (0 -1024 224 ) 
4 32 33 0 (0 -1024 0 ) (-1024 -1024 0 ) (-1024 0 0 ) (0 0 0 ) 
4 33 41 0 (-1024 -1024 -64 ) (-1024 -1024 0 ) (-1024 0 0 ) (-1024 0 -64 ) 
4 33 35 0 (-1024 -1024 0 ) (-1024 -1024 -64 ) (0 -1024 -64 ) (0 -1024 0 ) 
4 34 42 0 (-1024 -1248 224 ) (-1024 -1024 224 ) (-1024 -1024 0 ) (-1024 -1248 0 ) 
4 34 35 0 (-1024 -1248 0 ) (-1024 -1024 0 ) (0 -1024 0 ) (0 -1248 0 ) 
4 35 43 0 (-1024 -1248 -64 ) (-1024 -1248 0 ) (-1024 -1024 0 ) (-1024 -1024 -64 ) 
4 36 38 0 (-1422.222290 1024 0 ) (-1024 1024 0 ) (-1024 1024 224 ) (-1472 1024 224 ) 
4 36 37 0 (-1024 1024 0 ) (-1422.222290 1024 0 ) (-1422.222290 1856 0 ) (-1024 1856 0 ) 
4 37 39 0 (-1408 1024 -64 ) (-1024 1024 -64 ) (-1024 1024 0 ) (-1422.222290 1024 0 ) 
4 38 40 0 (-1024 0 0 ) (-1024 0 224 ) (-1472 0 224 ) (-1422.222290 0 0 ) 
4 38 39 0 (-1024 0 0 ) (-1422.222290 0 0 ) (-1422.222290 1024 0 ) (-1024 1024 0 ) 
4 39 41 0 (-1024 0 -64 ) (-1024 0 0 ) (-1422.222290 0 0 ) (-1408 0 -64 ) 
4 40 42 0 (-1422.222290 -1024 0 ) (-1024 -1024 0 ) (-1024 -1024 224 ) (-1472 -1024 224 ) 
4 40 41 0 (-1024 -1024 0 ) (-1422.222290 -1024 0 ) (-1422.222290 0 0 ) (-1024 0 0 ) 
4 41 43 0 (-1408 -1024 -64 ) (-1024 -1024 -64 ) (-1024 -1024 0 ) (-1422.222290 -1024 0 ) 
4 42 43 0 (-1422.222290 -1024 0 ) (-1024 -1024 0 ) (-1024 -1248 0 ) (-1422.222290 -1248 0 ) 
4 0 (2048 1856 224 ) (2304 1856 224 ) (2353.777832 1856 0 ) (2048 1856 0 ) 
4 0 (2304 1856 224 ) (2048 1856 224 ) (2048 1024 224 ) (2304 1024 224 ) 
4 0 (2353.779297 1024 0 ) (2353.779297 1856 0 ) (2304 1856 224 ) (2304 1024 224 ) 
4 1 (2368 1024 -64 ) (2048 1024 -64 ) (2048 1856 -64 ) (2368 1856 -64 ) 
4 1 (2368 1856 -64 ) (2048 1856 -64 ) (2048 1856 0 ) (2353.777588 1856 0 ) 
4 1 (2368 1024 -64 ) (2368 1856 -64 ) (2353.777832 1856 0 ) (2353.777832 1024 0 ) 
4 2 (2304 1024 224 ) (2048 1024 224 ) (2048 0 224 ) (2304 0 224 ) 
4 2 (2353.778564 0 0 ) (2353.778564 1024 0 ) (2304 1024 224 ) (2304 0 224 ) 
4 3 (2368 0 -64 ) (2048 0 -64 ) (2048 1024 -64 ) (2368 1024 -64 ) 
4 3 (2368 0 -64 ) (2368 1024 -64 ) (2353.777588 1024 0 ) (2353.777588 0 0 ) 
4 4 (2304 0 224 ) (2048 0 224 ) (2048 -1024 224 ) (2304 -1024 224 ) 
4 4 (2353.778564 -1024 0 ) (2353.778564 0 0 ) (2304 0 224 ) (2304 -1024 224 ) 
4 5 (2368 -1024 -64 ) (2048 -1024 -64 ) (2048 0 -64 ) (2368 0 -64 ) 
4 5 (2368 -1024 -64 ) (2368 0 -64 ) (2353.777588 0 0 ) (2353.777588 -1024 0 ) 
4 6 (2048 -1248 0 ) (2353.777832 -1248 0 ) (2304 -1248 224 ) (2048 -1248 224 ) 
4 6 (2304 -1248 224 ) (2304 -1024 224 ) (2048 -1024 224 ) (2048 -1248 224 ) 
4 6 (2304 -1248 224 ) (2353.777832 -1248 0 ) (2353.777832 -1024 0 ) (2304 -1024 224 ) 
4 7 (2368 -1248 -64 ) (2048 -1248 -64 ) (2048 -1024 -64 ) (2368 -1024 -64 ) 
4 7 (2353.777588 -1248 0 ) (2048 -1248 0 ) (2048 -1248 -64 ) (2368 -1248 -64 ) 
4 7 (2353.777344 -1248 0 ) (2368 -1248 -64 ) (2368 -1024 -64 ) (2353.777344 -1024 0 ) 
4 8 (2048 1856 224 ) (1024 1856 224 ) (1024 1024 224 ) (2048 1024 224 ) 
4 8 (1024 1856 224 ) (2048 1856 224 ) (2048 1856 0 ) (1024 1856 0 ) 
4 9 (1024 1856 -64 ) (1024 1856 0 ) (2048 1856 0 ) (2048 1856 -64 ) 
4 9 (2048 1024 -64 ) (1024 1024 -64 ) (1024 1856 -64 ) (2048 1856 -64 ) 
4 10 (2048 1024 224 ) (1024 1024 224 ) (1024 0 224 ) (2048 0 224 ) 
4 11 (2048 0 -64 ) (1024 0 -64 ) (1024 1024 -64 ) (2048 1024 -64 ) 
4 12 (2048 0 224 ) (1024 0 224 ) (1024 -1024 224 ) (2048 -1024 224 ) 
4 13 (2048 -1024 -64 ) (1024 -1024 -64 ) (1024 0 -64 ) (2048 0 -64 ) 
4 14 (2048 -1248 224 ) (2048 -1024 224 ) (1024 -1024 224 ) (1024 -1248 224 ) 
4 14 (1024 -1248 0 ) (2048 -1248 0 ) (2048 -1248 224 ) (1024 -1248 224 ) 
4 15 (2048 -1248 -64 ) (2048 -1248 0 ) (1024 -1248 0 ) (1024 -1248 -64 ) 
4 15 (2048 -1248 -64 ) (1024 -1248 -64 ) (1024 -1024 -64 ) (2048 -1024 -64 ) 
4 16 (1024 1856 224 ) (1024 1856 0 ) (0 1856 0 ) (0 1856 224 ) 
4 16 (1024 1856 224 ) (0 1856 224 ) (0 1024 224 ) (1024 1024 224 ) 
4 17 (1024 1024 -64 ) (0 1024 -64 ) (0 1856 -64 ) (1024 1856 -64 ) 
4 17 (0 1856 0 ) (1024 1856 0 ) (1024 1856 -64 ) (0 1856 -64 ) 
4 18 (32 96 32 ) (96 96 32 ) (96 32 32 ) (32 32 32 ) 
4 18 (1024 1024 224 ) (0 1024 224 ) (0 0 224 ) (1024 0 224 ) 
4 19 (128 128 0 ) (128 0 0 ) (96 32 32 ) (96 96 32 ) 
4 20 (96 32 32 ) (128 0 0 ) (0 0 0 ) (32 32 32 ) 
4 21 (0 128 0 ) (127.992188 128 0 ) (95.992188 96 32 ) (32 96 32 ) 
5 22 (0 128 0 ) (32 96 32 ) (32 31.984381 32 ) (0.015615 0 0.015614 ) (0 0 0 ) 
4 23 (128 128 0 ) (0 128 0 ) (0 0 0 ) (128 0 0 ) 
4 23 (1024 0 -64 ) (0 0 -64 ) (0 1024 -64 ) (1024 1024 -64 ) 
4 24 (1024 0 224 ) (0 0 224 ) (0 -1024 224 ) (1024 -1024 224 ) 
4 25 (1024 -1024 -64 ) (0 -1024 -64 ) (0 0 -64 ) (1024 0 -64 ) 
4 26 (0 -1248 224 ) (0 -1248 0 ) (1024 -1248 0 ) (1024 -1248 224 ) 
4 26 (1024 -1024 224 ) (0 -1024 224 ) (0 -1248 224 ) (1024 -1248 224 ) 
4 27 (0 -1248 -64 ) (0 -1024 -64 ) (1024 -1024 -64 ) (1024 -1248 -64 ) 
4 27 (0 -1248 -64 ) (1024 -1248 -64 ) (1024 -1248 0 ) (0 -1248 0 ) 
4 28 (0 1856 224 ) (-1024 1856 224 ) (-1024 1024 224 ) (0 1024 224 ) 
4 28 (-1024 1856 224 ) (0 1856 224 ) (0 1856 0 ) (-1024 1856 0 ) 
4 29 (-1024 1856 -64 ) (-1024 1856 0 ) (0 1856 0 ) (0 1856 -64 ) 
4 29 (0 1024 -64 ) (-1024 1024 -64 ) (-1024 1856 -64 ) (0 1856 -64 ) 
4 30 (0 1024 224 ) (-1024 1024 224 ) (-1024 0 224 ) (0 0 224 ) 
4 31 (0 0 -64 ) (-1024 0 -64 ) (-1024 1024 -64 ) (0 1024 -64 ) 
4 32 (0 0 224 ) (-1024 0 224 ) (-1024 -1024 224 ) (0 -1024 224 ) 
4 33 (0 -1024 -64 ) (-1024 -1024 -64 ) (-1024 0 -64 ) (0 0 -64 ) 
4 34 (0 -1248 224 ) (0 -1024 224 ) (-1024 -1024 224 ) (-1024 -1248 224 ) 
4 34 (-1024 -1248 0 ) (0 -1248 0 ) (0 -1248 224 ) (-1024 -1248 224 ) 
4 35 (0 -1248 -64 ) (0 -1248 0 ) (-1024 -1248 0 ) (-1024 -1248 -64 ) 
4 35 (0 -1248 -64 ) (-1024 -1248 -64 ) (-1024 -1024 -64 ) (0 -1024 -64 ) 
4 36 (-1024 1856 224 ) (-1472 1856 224 ) (-1472 1024 224 ) (-1024 1024 224 ) 
4 36 (-1472 1856 224 ) (-1024 1856 224 ) (-1024 1856 0 ) (-1422.222290 1856 0 ) 
4 36 (-1472 1024 224 ) (-1472 1856 224 ) (-1422.222656 1856 0 ) (-1422.222656 1024 0 ) 
4 37 (-1422.222290 1856 0 ) (-1024 1856 0 ) (-1024 1856 -64 ) (-1408 1856 -64 ) 
4 37 (-1024 1024 -64 ) (-1408 1024 -64 ) (-1408 1856 -64 ) (-1024 1856 -64 ) 
4 37 (-1422.224121 1024 0 ) (-1422.224121 1856 0 ) (-1408.001953 1856 -64 ) (-1408.001953 1024 -64 ) 
4 38 (-1024 1024 224 ) (-1472 1024 224 ) (-1472 0 224 ) (-1024 0 224 ) 
4 38 (-1472 0 224 ) (-1472 1024 224 ) (-1422.223389 1024 0 ) (-1422.223389 0 0 ) 
4 39 (-1024 0 -64 ) (-1408 0 -64 ) (-1408 1024 -64 ) (-1024 1024 -64 ) 
4 39 (-1422.223389 0 0 ) (-1422.223389 1024 0 ) (-1408.001953 1024 -64 ) (-1408.001953 0 -64 ) 
4 40 (-1024 0 224 ) (-1472 0 224 ) (-1472 -1024 224 ) (-1024 -1024 224 ) 
4 40 (-1472 -1024 224 ) (-1472 0 224 ) (-1422.223389 0 0 ) (-1422.223389 -1024 0 ) 
4 41 (-1024 -1024 -64 ) (-1408 -1024 -64 ) (-1408 0 -64 ) (-1024 0 -64 ) 
4 41 (-1422.223389 -1024 0 ) (-1422.223389 0 0 ) (-1408.001953 0 -64 ) (-1408.001953 -1024 -64 ) 
4 42 (-1024 -1024 224 ) (-1472 -1024 224 ) (-1472 -1248 224 ) (-1024 -1248 224 ) 
4 42 (-1422.222290 -1248 0 ) (-1024 -1248 0 ) (-1024 -1248 224 ) (-1472 -1248 224 ) 
4 42 (-1422.223145 -1024 0 ) (-1422.223145 -1248 0 ) (-1472 -1248 224 ) (-1472 -1024 224 ) 
4 43 (-1408 -1248 -64 ) (-1024 -1248 -64 ) (-1024 -1248 0 ) (-1422.222290 -1248 0 ) 
4 43 (-1408 -1024 -64 ) (-1024 -1024 -64 ) (-1024 -1248 -64 ) (-1408 -1248 -64 ) 
4 43 (-1422.222656 -1024 0 ) (-1408.001953 -1024 -64 ) (-1408.001953 -1248 -64 ) (-1422.222656 -1248 0 ) 
