PRT1
210
557
272
4 0 30 0 (2048 2048 4096 ) (2048 2048 4832 ) (2048 2176 4832 ) (2048 2176 4096 ) 
4 0 5 0 (2048 2048 4832 ) (2048 2048 4096 ) (2880 2048 4096 ) (2880 2048 4832 ) 
4 0 1 0 (2880 2048 4096 ) (2048 2048 4096 ) (2048 2176 4096 ) (2880 2176 4096 ) 
4 1 31 0 (2048 2048 3072 ) (2048 2048 4096 ) (2048 2176 4096 ) (2048 2176 3072 ) 
4 1 6 0 (2048 2048 4096 ) (2048 2048 3072 ) (2880 2048 3072 ) (2880 2048 4096 ) 
4 1 2 0 (2880 2048 3072 ) (2048 2048 3072 ) (2048 2176 3072 ) (2880 2176 3072 ) 
4 2 32 0 (2048 2048 2048 ) (2048 2048 3072 ) (2048 2176 3072 ) (2048 2176 2048 ) 
4 2 7 0 (2048 2048 3072 ) (2048 2048 2048 ) (2880 2048 2048 ) (2880 2048 3072 ) 
4 2 3 0 (2880 2048 2048 ) (2048 2048 2048 ) (2048 2176 2048 ) (2880 2176 2048 ) 
4 3 33 0 (2048 2048 1024 ) (2048 2048 2048 ) (2048 2176 2048 ) (2048 2176 1024 ) 
4 3 8 0 (2048 2048 2048 ) (2048 2048 1024 ) (2880 2048 1024 ) (2880 2048 2048 ) 
4 3 4 0 (2880 2048 1024 ) (2048 2048 1024 ) (2048 2176 1024 ) (2880 2176 1024 ) 
4 4 34 0 (2048 2048 0 ) (2048 2048 1024 ) (2048 2176 1024 ) (2048 2176 0 ) 
4 4 9 0 (2048 2048 1024 ) (2048 2048 0 ) (2880 2048 0 ) (2880 2048 1024 ) 
4 5 35 0 (2048 1024 4096 ) (2048 1024 4832 ) (2048 2048 4832 ) (2048 2048 4096 ) 
4 5 10 0 (2048 1024 4832 ) (2048 1024 4096 ) (2880 1024 4096 ) (2880 1024 4832 ) 
4 5 6 0 (2880 1024 4096 ) (2048 1024 4096 ) (2048 2048 4096 ) (2880 2048 4096 ) 
4 6 36 0 (2048 1024 3072 ) (2048 1024 4096 ) (2048 2048 4096 ) (2048 2048 3072 ) 
4 6 11 0 (2048 1024 4096 ) (2048 1024 3072 ) (2880 1024 3072 ) (2880 1024 4096 ) 
4 6 7 0 (2880 1024 3072 ) (2048 1024 3072 ) (2048 2048 3072 ) (2880 2048 3072 ) 
4 7 37 0 (2048 1024 2048 ) (2048 1024 3072 ) (2048 2048 3072 ) (2048 2048 2048 ) 
4 7 12 0 (2048 1024 3072 ) (2048 1024 2048 ) (2880 1024 2048 ) (2880 1024 3072 ) 
4 7 8 0 (2880 1024 2048 ) (2048 1024 2048 ) (2048 2048 2048 ) (2880 2048 2048 ) 
4 8 38 0 (2048 1024 1024 ) (2048 1024 2048 ) (2048 2048 2048 ) (2048 2048 1024 ) 
4 8 13 0 (2048 1024 2048 ) (2048 1024 1024 ) (2880 1024 1024 ) (2880 1024 2048 ) 
4 8 9 0 (2880 1024 1024 ) (2048 1024 1024 ) (2048 2048 1024 ) (2880 2048 1024 ) 
4 9 39 0 (2048 1024 0 ) (2048 1024 1024 ) (2048 2048 1024 ) (2048 2048 0 ) 
4 9 14 0 (2048 1024 1024 ) (2048 1024 0 ) (2880 1024 0 ) (2880 1024 1024 ) 
4 10 40 0 (2048 0 4096 ) (2048 0 4832 ) (2048 1024 4832 ) (2048 1024 4096 ) 
4 10 15 0 (2048 0 4832 ) (2048 0 4096 ) (2880 0 4096 ) (2880 0 4832 ) 
4 10 11 0 (2880 0 4096 ) (2048 0 4096 ) (2048 1024 4096 ) (2880 1024 4096 ) 
4 11 41 0 (2048 0 3072 ) (2048 0 4096 ) (2048 1024 4096 ) (2048 1024 3072 ) 
4 11 16 0 (2048 0 4096 ) (2048 0 3072 ) (2880 0 3072 ) (2880 0 4096 ) 
4 11 12 0 (2880 0 3072 ) (2048 0 3072 ) (2048 1024 3072 ) (2880 1024 3072 ) 
4 12 42 0 (2048 0 2048 ) (2048 0 3072 ) (2048 1024 3072 ) (2048 1024 2048 ) 
4 12 17 0 (2048 0 3072 ) (2048 0 2048 ) (2880 0 2048 ) (2880 0 3072 ) 
4 12 13 0 (2880 0 2048 ) (2048 0 2048 ) (2048 1024 2048 ) (2880 1024 2048 ) 
4 13 43 0 (2048 0 1024 ) (2048 0 2048 ) (2048 1024 2048 ) (2048 1024 1024 ) 
4 13 18 0 (2048 0 2048 ) (2048 0 1024 ) (2880 0 1024 ) (2880 0 2048 ) 
4 13 14 0 (2880 0 1024 ) (2048 0 1024 ) (2048 1024 1024 ) (2880 1024 1024 ) 
4 14 44 0 (2048 0 0 ) (2048 0 1024 ) (2048 1024 1024 ) (2048 1024 0 ) 
4 14 19 0 (2048 0 1024 ) (2048 0 0 ) (2880 0 0 ) (2880 0 1024 ) 
4 15 45 0 (2048 -1024 4096 ) (2048 -1024 4832 ) (2048 0 4832 ) (2048 0 4096 ) 
4 15 20 0 (2048 -1024 4832 ) (2048 -1024 4096 ) (2880 -1024 4096 ) (2880 -1024 4832 ) 
4 15 16 0 (2880 -1024 4096 ) (2048 -1024 4096 ) (2048 0 4096 ) (2880 0 4096 ) 
4 16 46 0 (2048 -1024 3072 ) (2048 -1024 4096 ) (2048 0 4096 ) (2048 0 3072 ) 
4 16 21 0 (2048 -1024 4096 ) (2048 -1024 3072 ) (2880 -1024 3072 ) (2880 -1024 4096 ) 
4 16 17 0 (2880 -1024 3072 ) (2048 -1024 3072 ) (2048 0 3072 ) (2880 0 3072 ) 
4 17 47 0 (2048 -1024 2048 ) (2048 -1024 3072 ) (2048 0 3072 ) (2048 0 2048 ) 
4 17 22 0 (2048 -1024 3072 ) (2048 -1024 2048 ) (2880 -1024 2048 ) (2880 -1024 3072 ) 
4 17 18 0 (2880 -1024 2048 ) (2048 -1024 2048 ) (2048 0 2048 ) (2880 0 2048 ) 
4 18 48 0 (2048 -1024 1024 ) (2048 -1024 2048 ) (2048 0 2048 ) (2048 0 1024 ) 
4 18 23 0 (2048 -1024 2048 ) (2048 -1024 1024 ) (2880 -1024 1024 ) (2880 -1024 2048 ) 
4 18 19 0 (2880 -1024 1024 ) (2048 -1024 1024 ) (2048 0 1024 ) (2880 0 1024 ) 
4 19 49 0 (2048 -1024 0 ) (2048 -1024 1024 ) (2048 0 1024 ) (2048 0 0 ) 
4 19 24 0 (2048 -1024 1024 ) (2048 -1024 0 ) (2880 -1024 0 ) (2880 -1024 1024 ) 
4 20 50 0 (2048 -2048 4096 ) (2048 -2048 4832 ) (2048 -1024 4832 ) (2048 -1024 4096 ) 
4 20 25 0 (2048 -2048 4832 ) (2048 -2048 4096 ) (2880 -2048 4096 ) (2880 -2048 4832 ) 
4 20 21 0 (2880 -2048 4096 ) (2048 -2048 4096 ) (2048 -1024 4096 ) (2880 -1024 4096 ) 
4 21 51 0 (2048 -2048 3072 ) (2048 -2048 4096 ) (2048 -1024 4096 ) (2048 -1024 3072 ) 
4 21 26 0 (2048 -2048 4096 ) (2048 -2048 3072 ) (2880 -2048 3072 ) (2880 -2048 4096 ) 
4 21 22 0 (2880 -2048 3072 ) (2048 -2048 3072 ) (2048 -1024 3072 ) (2880 -1024 3072 ) 
4 22 52 0 (2048 -2048 2048 ) (2048 -2048 3072 ) (2048 -1024 3072 ) (2048 -1024 2048 ) 
4 22 27 0 (2048 -2048 3072 ) (2048 -2048 2048 ) (2880 -2048 2048 ) (2880 -2048 3072 ) 
4 22 23 0 (2880 -2048 2048 ) (2048 -2048 2048 ) (2048 -1024 2048 ) (2880 -1024 2048 ) 
4 23 53 0 (2048 -2048 1024 ) (2048 -2048 2048 ) (2048 -1024 2048 ) (2048 -1024 1024 ) 
4 23 28 0 (2048 -2048 2048 ) (2048 -2048 1024 ) (2880 -2048 1024 ) (2880 -2048 2048 ) 
4 23 24 0 (2880 -2048 1024 ) (2048 -2048 1024 ) (2048 -1024 1024 ) (2880 -1024 1024 ) 
4 24 54 0 (2048 -2048 0 ) (2048 -2048 1024 ) (2048 -1024 1024 ) (2048 -1024 0 ) 
4 24 29 0 (2048 -2048 1024 ) (2048 -2048 0 ) (2880 -2048 0 ) (2880 -2048 1024 ) 
4 25 55 0 (2048 -2112 4832 ) (2048 -2048 4832 ) (2048 -2048 4096 ) (2048 -2112 4096 ) 
4 25 26 0 (2048 -2112 4096 ) (2048 -2048 4096 ) (2880 -2048 4096 ) (2880 -2112 4096 ) 
4 26 56 0 (2048 -2112 4096 ) (2048 -2048 4096 ) (2048 -2048 3072 ) (2048 -2112 3072 ) 
4 26 27 0 (2048 -2112 3072 ) (2048 -2048 3072 ) (2880 -2048 3072 ) (2880 -2112 3072 ) 
4 27 57 0 (2048 -2112 3072 ) (2048 -2048 3072 ) (2048 -2048 2048 ) (2048 -2112 2048 ) 
4 27 28 0 (2048 -2112 2048 ) (2048 -2048 2048 ) (2880 -2048 2048 ) (2880 -2112 2048 ) 
4 28 58 0 (2048 -2112 2048 ) (2048 -2048 2048 ) (2048 -2048 1024 ) (2048 -2112 1024 ) 
4 28 29 0 (2048 -2112 1024 ) (2048 -2048 1024 ) (2880 -2048 1024 ) (2880 -2112 1024 ) 
4 29 59 0 (2048 -2112 0 ) (2048 -2112 1024 ) (2048 -2048 1024 ) (2048 -2048 0 ) 
4 30 60 0 (1024 2176 4096 ) (1024 2048 4096 ) (1024 2048 4832 ) (1024 2176 4832 ) 
4 30 35 0 (1024 2048 4832 ) (1024 2048 4096 ) (2048 2048 4096 ) (2048 2048 4832 ) 
4 30 31 0 (2048 2048 4096 ) (1024 2048 4096 ) (1024 2176 4096 ) (2048 2176 4096 ) 
4 31 61 0 (1024 2176 3072 ) (1024 2048 3072 ) (1024 2048 4096 ) (1024 2176 4096 ) 
4 31 36 0 (1024 2048 4096 ) (1024 2048 3072 ) (2048 2048 3072 ) (2048 2048 4096 ) 
4 31 32 0 (2048 2048 3072 ) (1024 2048 3072 ) (1024 2176 3072 ) (2048 2176 3072 ) 
4 32 62 0 (1024 2176 2048 ) (1024 2048 2048 ) (1024 2048 3072 ) (1024 2176 3072 ) 
4 32 37 0 (1024 2048 3072 ) (1024 2048 2048 ) (2048 2048 2048 ) (2048 2048 3072 ) 
4 32 33 0 (2048 2048 2048 ) (1024 2048 2048 ) (1024 2176 2048 ) (2048 2176 2048 ) 
4 33 63 0 (1024 2176 1024 ) (1024 2048 1024 ) (1024 2048 2048 ) (1024 2176 2048 ) 
4 33 38 0 (1024 2048 2048 ) (1024 2048 1024 ) (2048 2048 1024 ) (2048 2048 2048 ) 
4 33 34 0 (2048 2048 1024 ) (1024 2048 1024 ) (1024 2176 1024 ) (2048 2176 1024 ) 
4 34 64 0 (1024 2176 0 ) (1024 2048 0 ) (1024 2048 1024 ) (1024 2176 1024 ) 
4 34 39 0 (1024 2048 1024 ) (1024 2048 0 ) (2048 2048 0 ) (2048 2048 1024 ) 
4 35 65 0 (1024 1024 4096 ) (1024 1024 4832 ) (1024 2048 4832 ) (1024 2048 4096 ) 
4 35 40 0 (1024 1024 4832 ) (1024 1024 4096 ) (2048 1024 4096 ) (2048 1024 4832 ) 
4 35 36 0 (2048 1024 4096 ) (1024 1024 4096 ) (1024 2048 4096 ) (2048 2048 4096 ) 
4 36 66 0 (1024 1024 3072 ) (1024 1024 4096 ) (1024 2048 4096 ) (1024 2048 3072 ) 
4 36 41 0 (1024 1024 4096 ) (1024 1024 3072 ) (2048 1024 3072 ) (2048 1024 4096 ) 
4 36 37 0 (2048 1024 3072 ) (1024 1024 3072 ) (1024 2048 3072 ) (2048 2048 3072 ) 
4 37 67 0 (1024 1024 2048 ) (1024 1024 3072 ) (1024 2048 3072 ) (1024 2048 2048 ) 
4 37 42 0 (1024 1024 3072 ) (1024 1024 2048 ) (2048 1024 2048 ) (2048 1024 3072 ) 
4 37 38 0 (2048 1024 2048 ) (1024 1024 2048 ) (1024 2048 2048 ) (2048 2048 2048 ) 
4 38 68 0 (1024 1024 1024 ) (1024 1024 2048 ) (1024 2048 2048 ) (1024 2048 1024 ) 
4 38 43 0 (1024 1024 2048 ) (1024 1024 1024 ) (2048 1024 1024 ) (2048 1024 2048 ) 
4 38 39 0 (2048 1024 1024 ) (1024 1024 1024 ) (1024 2048 1024 ) (2048 2048 1024 ) 
4 39 69 0 (1024 1024 0 ) (1024 1024 1024 ) (1024 2048 1024 ) (1024 2048 0 ) 
4 39 44 0 (1024 1024 1024 ) (1024 1024 0 ) (2048 1024 0 ) (2048 1024 1024 ) 
4 40 70 0 (1024 0 4096 ) (1024 0 4832 ) (1024 1024 4832 ) (1024 1024 4096 ) 
4 40 45 0 (1024 0 4832 ) (1024 0 4096 ) (2048 0 4096 ) (2048 0 4832 ) 
4 40 41 0 (2048 0 4096 ) (1024 0 4096 ) (1024 1024 4096 ) (2048 1024 4096 ) 
4 41 71 0 (1024 0 3072 ) (1024 0 4096 ) (1024 1024 4096 ) (1024 1024 3072 ) 
4 41 46 0 (1024 0 4096 ) (1024 0 3072 ) (2048 0 3072 ) (2048 0 4096 ) 
4 41 42 0 (2048 0 3072 ) (1024 0 3072 ) (1024 1024 3072 ) (2048 1024 3072 ) 
4 42 72 0 (1024 0 2048 ) (1024 0 3072 ) (1024 1024 3072 ) (1024 1024 2048 ) 
4 42 47 0 (1024 0 3072 ) (1024 0 2048 ) (2048 0 2048 ) (2048 0 3072 ) 
4 42 43 0 (2048 0 2048 ) (1024 0 2048 ) (1024 1024 2048 ) (2048 1024 2048 ) 
4 43 73 0 (1024 0 1024 ) (1024 0 2048 ) (1024 1024 2048 ) (1024 1024 1024 ) 
4 43 48 0 (1024 0 2048 ) (1024 0 1024 ) (2048 0 1024 ) (2048 0 2048 ) 
4 43 44 0 (2048 0 1024 ) (1024 0 1024 ) (1024 1024 1024 ) (2048 1024 1024 ) 
3 44 99 0 (1024 104 88 ) (1024 128 0 ) (1024 112 0 ) 
4 44 77 0 (1024 0 0 ) (1024 0 469.333344 ) (1024 80 176 ) (1024 96 0 ) 
4 44 76 0 (1024 80 176 ) (1024 104 88 ) (1024 112 0 ) (1024 96 0 ) 
5 44 75 0 (1024 0 469.333344 ) (1024 0 1024 ) (1024 1024 1024 ) (1024 1024 0 ) (1024 128 0 ) 
4 44 49 0 (1024 0 1024 ) (1024 0 0 ) (2048 0 0 ) (2048 0 1024 ) 
4 45 105 0 (1024 -1024 4096 ) (1024 -1024 4832 ) (1024 0 4832 ) (1024 0 4096 ) 
4 45 50 0 (1024 -1024 4832 ) (1024 -1024 4096 ) (2048 -1024 4096 ) (2048 -1024 4832 ) 
4 45 46 0 (2048 -1024 4096 ) (1024 -1024 4096 ) (1024 0 4096 ) (2048 0 4096 ) 
4 46 106 0 (1024 -1024 3072 ) (1024 -1024 4096 ) (1024 0 4096 ) (1024 0 3072 ) 
4 46 51 0 (1024 -1024 4096 ) (1024 -1024 3072 ) (2048 -1024 3072 ) (2048 -1024 4096 ) 
4 46 47 0 (2048 -1024 3072 ) (1024 -1024 3072 ) (1024 0 3072 ) (2048 0 3072 ) 
4 47 107 0 (1024 -1024 2048 ) (1024 -1024 3072 ) (1024 0 3072 ) (1024 0 2048 ) 
4 47 52 0 (1024 -1024 3072 ) (1024 -1024 2048 ) (2048 -1024 2048 ) (2048 -1024 3072 ) 
4 47 48 0 (2048 -1024 2048 ) (1024 -1024 2048 ) (1024 0 2048 ) (2048 0 2048 ) 
4 48 108 0 (1024 -1024 1024 ) (1024 -1024 2048 ) (1024 0 2048 ) (1024 0 1024 ) 
4 48 53 0 (1024 -1024 2048 ) (1024 -1024 1024 ) (2048 -1024 1024 ) (2048 -1024 2048 ) 
4 48 49 0 (2048 -1024 1024 ) (1024 -1024 1024 ) (1024 0 1024 ) (2048 0 1024 ) 
4 49 109 0 (1024 -1024 0 ) (1024 -1024 1024 ) (1024 0 1024 ) (1024 0 0 ) 
4 49 54 0 (1024 -1024 1024 ) (1024 -1024 0 ) (2048 -1024 0 ) (2048 -1024 1024 ) 
4 50 110 0 (1024 -2048 4096 ) (1024 -2048 4832 ) (1024 -1024 4832 ) (1024 -1024 4096 ) 
4 50 55 0 (1024 -2048 4832 ) (1024 -2048 4096 ) (2048 -2048 4096 ) (2048 -2048 4832 ) 
4 50 51 0 (2048 -2048 4096 ) (1024 -2048 4096 ) (1024 -1024 4096 ) (2048 -1024 4096 ) 
4 51 111 0 (1024 -2048 3072 ) (1024 -2048 4096 ) (1024 -1024 4096 ) (1024 -1024 3072 ) 
4 51 56 0 (1024 -2048 4096 ) (1024 -2048 3072 ) (2048 -2048 3072 ) (2048 -2048 4096 ) 
4 51 52 0 (2048 -2048 3072 ) (1024 -2048 3072 ) (1024 -1024 3072 ) (2048 -1024 3072 ) 
4 52 112 0 (1024 -2048 2048 ) (1024 -2048 3072 ) (1024 -1024 3072 ) (1024 -1024 2048 ) 
4 52 57 0 (1024 -2048 3072 ) (1024 -2048 2048 ) (2048 -2048 2048 ) (2048 -2048 3072 ) 
4 52 53 0 (2048 -2048 2048 ) (1024 -2048 2048 ) (1024 -1024 2048 ) (2048 -1024 2048 ) 
4 53 113 0 (1024 -2048 1024 ) (1024 -2048 2048 ) (1024 -1024 2048 ) (1024 -1024 1024 ) 
4 53 58 0 (1024 -2048 2048 ) (1024 -2048 1024 ) (2048 -2048 1024 ) (2048 -2048 2048 ) 
4 53 54 0 (2048 -2048 1024 ) (1024 -2048 1024 ) (1024 -1024 1024 ) (2048 -1024 1024 ) 
4 54 114 0 (1024 -2048 0 ) (1024 -2048 1024 ) (1024 -1024 1024 ) (1024 -1024 0 ) 
4 54 59 0 (1024 -2048 1024 ) (1024 -2048 0 ) (2048 -2048 0 ) (2048 -2048 1024 ) 
4 55 115 0 (1024 -2112 4832 ) (1024 -2048 4832 ) (1024 -2048 4096 ) (1024 -2112 4096 ) 
4 55 56 0 (1024 -2112 4096 ) (1024 -2048 4096 ) (2048 -2048 4096 ) (2048 -2112 4096 ) 
4 56 116 0 (1024 -2112 4096 ) (1024 -2048 4096 ) (1024 -2048 3072 ) (1024 -2112 3072 ) 
4 56 57 0 (1024 -2112 3072 ) (1024 -2048 3072 ) (2048 -2048 3072 ) (2048 -2112 3072 ) 
4 57 117 0 (1024 -2112 3072 ) (1024 -2048 3072 ) (1024 -2048 2048 ) (1024 -2112 2048 ) 
4 57 58 0 (1024 -2112 2048 ) (1024 -2048 2048 ) (2048 -2048 2048 ) (2048 -2112 2048 ) 
4 58 118 0 (1024 -2112 2048 ) (1024 -2048 2048 ) (1024 -2048 1024 ) (1024 -2112 1024 ) 
4 58 59 0 (1024 -2112 1024 ) (1024 -2048 1024 ) (2048 -2048 1024 ) (2048 -2112 1024 ) 
4 59 119 0 (1024 -2112 0 ) (1024 -2112 1024 ) (1024 -2048 1024 ) (1024 -2048 0 ) 
4 60 120 0 (0 2048 4096 ) (0 2048 4832 ) (0 2176 4832 ) (0 2176 4096 ) 
4 60 65 0 (0 2048 4832 ) (0 2048 4096 ) (1024 2048 4096 ) (1024 2048 4832 ) 
4 60 61 0 (1024 2048 4096 ) (0 2048 4096 ) (0 2176 4096 ) (1024 2176 4096 ) 
4 61 121 0 (0 2048 3072 ) (0 2048 4096 ) (0 2176 4096 ) (0 2176 3072 ) 
4 61 66 0 (0 2048 4096 ) (0 2048 3072 ) (1024 2048 3072 ) (1024 2048 4096 ) 
4 61 62 0 (1024 2048 3072 ) (0 2048 3072 ) (0 2176 3072 ) (1024 2176 3072 ) 
4 62 122 0 (0 2048 2048 ) (0 2048 3072 ) (0 2176 3072 ) (0 2176 2048 ) 
4 62 67 0 (0 2048 3072 ) (0 2048 2048 ) (1024 2048 2048 ) (1024 2048 3072 ) 
4 62 63 0 (1024 2048 2048 ) (0 2048 2048 ) (0 2176 2048 ) (1024 2176 2048 ) 
4 63 123 0 (0 2048 1024 ) (0 2048 2048 ) (0 2176 2048 ) (0 2176 1024 ) 
4 63 68 0 (0 2048 2048 ) (0 2048 1024 ) (1024 2048 1024 ) (1024 2048 2048 ) 
4 63 64 0 (1024 2048 1024 ) (0 2048 1024 ) (0 2176 1024 ) (1024 2176 1024 ) 
4 64 124 0 (0 2048 0 ) (0 2048 1024 ) (0 2176 1024 ) (0 2176 0 ) 
4 64 69 0 (0 2048 1024 ) (0 2048 0 ) (1024 2048 0 ) (1024 2048 1024 ) 
4 65 125 0 (0 1024 4096 ) (0 1024 4832 ) (0 2048 4832 ) (0 2048 4096 ) 
4 65 70 0 (0 1024 4832 ) (0 1024 4096 ) (1024 1024 4096 ) (1024 1024 4832 ) 
4 65 66 0 (1024 1024 4096 ) (0 1024 4096 ) (0 2048 4096 ) (1024 2048 4096 ) 
4 66 126 0 (0 1024 3072 ) (0 1024 4096 ) (0 2048 4096 ) (0 2048 3072 ) 
4 66 71 0 (0 1024 4096 ) (0 1024 3072 ) (1024 1024 3072 ) (1024 1024 4096 ) 
4 66 67 0 (1024 1024 3072 ) (0 1024 3072 ) (0 2048 3072 ) (1024 2048 3072 ) 
4 67 127 0 (0 1024 2048 ) (0 1024 3072 ) (0 2048 3072 ) (0 2048 2048 ) 
4 67 72 0 (0 1024 3072 ) (0 1024 2048 ) (1024 1024 2048 ) (1024 1024 3072 ) 
4 67 68 0 (1024 1024 2048 ) (0 1024 2048 ) (0 2048 2048 ) (1024 2048 2048 ) 
4 68 128 0 (0 1024 1024 ) (0 1024 2048 ) (0 2048 2048 ) (0 2048 1024 ) 
4 68 73 0 (0 1024 2048 ) (0 1024 1024 ) (1024 1024 1024 ) (1024 1024 2048 ) 
4 68 69 0 (1024 1024 1024 ) (0 1024 1024 ) (0 2048 1024 ) (1024 2048 1024 ) 
4 69 129 0 (0 1024 0 ) (0 1024 1024 ) (0 2048 1024 ) (0 2048 0 ) 
3 69 101 0 (0 1024 0 ) (16 1024 0 ) (24 1024 88 ) 
5 69 75 0 (16 1024 0 ) (1024 1024 0 ) (1024 1024 1024 ) (279.272766 1024 1024 ) (24 1024 88 ) 
3 69 74 0 (0 1024 1024 ) (0 1024 0 ) (279.272766 1024 1024 ) 
4 70 130 0 (0 0 4096 ) (0 0 4832 ) (0 1024 4832 ) (0 1024 4096 ) 
4 70 105 0 (0 0 4832 ) (0 0 4096 ) (1024 0 4096 ) (1024 0 4832 ) 
4 70 71 0 (1024 0 4096 ) (0 0 4096 ) (0 1024 4096 ) (1024 1024 4096 ) 
4 71 131 0 (0 0 3072 ) (0 0 4096 ) (0 1024 4096 ) (0 1024 3072 ) 
4 71 106 0 (0 0 4096 ) (0 0 3072 ) (1024 0 3072 ) (1024 0 4096 ) 
4 71 72 0 (1024 0 3072 ) (0 0 3072 ) (0 1024 3072 ) (1024 1024 3072 ) 
4 72 132 0 (0 0 2048 ) (0 0 3072 ) (0 1024 3072 ) (0 1024 2048 ) 
4 72 107 0 (0 0 3072 ) (0 0 2048 ) (1024 0 2048 ) (1024 0 3072 ) 
4 72 73 0 (1024 0 2048 ) (0 0 2048 ) (0 1024 2048 ) (1024 1024 2048 ) 
4 73 133 0 (0 0 1024 ) (0 0 2048 ) (0 1024 2048 ) (0 1024 1024 ) 
4 73 108 0 (0 0 2048 ) (0 0 1024 ) (1024 0 1024 ) (1024 0 2048 ) 
4 73 75 0 (1024 0 1024 ) (279.272766 0 1024 ) (279.272705 1024 1024 ) (1024 1024 1024 ) 
4 73 74 0 (279.272766 0 1024 ) (0 0 1024 ) (0 1024 1024 ) (279.272705 1024 1024 ) 
4 74 134 0 (0 0 0 ) (0 0 1024 ) (0 1024 1024 ) (0 1024 0 ) 
3 74 109 0 (0 0 1024 ) (0 0 0 ) (279.272766 0 1024 ) 
4 74 104 0 (24 72 87.996452 ) (24 8 87.996239 ) (0 16 -0.002523 ) (0 64 -0.002403 ) 
4 74 103 0 (24 128 87.996643 ) (24 72 87.996452 ) (0 80 -0.002363 ) (0 112 -0.002283 ) 
3 74 102 0 (24 8 87.996239 ) (24 0 87.996216 ) (0 0 -0.002563 ) 
4 74 101 0 (0 1024 0 ) (24 1024 88 ) (24 128 87.996643 ) (0 128 -0.002243 ) 
5 74 96 0 (72 0 263.997437 ) (24 0 87.996216 ) (24 32 87.996323 ) (60 44 220 ) (72 40 263.997528 ) 
3 74 93 0 (24 32 87.996323 ) (24 56 87.996407 ) (60 44 220 ) 
4 74 90 0 (48 80 175.996429 ) (72 56 263.997559 ) (72 40 263.997528 ) (48 48 175.996338 ) 
4 74 89 0 (24 56 87.996407 ) (24 104 87.996567 ) (48 80 175.996429 ) (48 48 175.996338 ) 
3 74 81 0 (72 24 263.997498 ) (72 32 263.997528 ) (84 28 308 ) 
4 74 79 0 (72 32 263.997528 ) (72 56 263.997559 ) (96 32 352 ) (84 28 308 ) 
4 74 78 0 (128 0 469.333313 ) (72 0 263.997437 ) (72 24 263.997498 ) (96 32 352 ) 
5 74 75 0 (24 1024 88 ) (279.273438 1024 1024 ) (279.273438 0 1024 ) (128 0 469.333313 ) (24 104 87.996567 ) 
4 75 109 0 (1024 0 469.333344 ) (1024 0 1024 ) (279.272766 0 1024 ) (128 0 469.333374 ) 
4 75 103 0 (19.201031 118.399994 35.200008 ) (24.001709 103.998199 88.006592 ) (24.001709 128 88.006592 ) (24.001112 128 88 ) 
4 75 101 0 (16 1024 0 ) (16 128 0 ) (24.001709 128 88.006592 ) (24.001711 1024 88.006599 ) 
4 75 100 0 (80 127.996094 0 ) (112 127.996094 0 ) (88.007385 104.002464 87.972946 ) (72.002464 104.002472 87.972862 ) 
4 75 99 0 (128 127.996094 0 ) (1024 127.996124 0 ) (1024 104.002029 87.977715 ) (88.012268 104.002464 87.972946 ) 
4 75 98 0 (24.005678 104.002495 87.972618 ) (16.007813 127.996094 0 ) (64 127.996094 0 ) (71.997498 104.002472 87.972862 ) 
4 75 91 0 (41.998764 97.998764 109.986374 ) (39.997520 104.002487 87.972702 ) (72 104.002472 87.972862 ) (72 97.998772 109.986443 ) 
4 75 90 0 (72 55.996094 263.996338 ) (48 79.996605 175.994324 ) (41.998764 97.998764 109.986374 ) (72 97.998772 109.986443 ) 
4 75 89 0 (48 79.996605 175.994324 ) (24.011719 103.984375 88.039063 ) (24.005678 104.002495 87.972618 ) (39.997520 104.002487 87.972702 ) 
5 75 79 0 (95.997314 31.998783 351.986572 ) (72 55.996094 263.996338 ) (72 80.002457 175.972961 ) (143.997559 80.002434 175.973251 ) (159.998779 31.998787 351.986694 ) 
4 75 78 0 (127.996094 0 469.315613 ) (95.997314 31.998783 351.986572 ) (159.998779 31.998787 351.986694 ) (170.665039 0 469.315613 ) 
4 75 77 0 (143.997559 80.002434 175.973251 ) (1024 80.002121 175.976746 ) (1024 0 469.315735 ) (170.665039 0 469.315613 ) 
4 75 76 0 (72 80.002457 175.972961 ) (72 104.002472 87.972862 ) (1024 104.002029 87.977715 ) (1024 80.002121 175.976746 ) 
5 76 100 0 (112 112 0 ) (80 112 0 ) (72 104 88.007813 ) (87.996452 104 88.007813 ) (88 104 88 ) 
4 76 99 0 (1024 112 0 ) (128 112 0 ) (87.996452 104 88.007813 ) (1024 104 88.007751 ) 
4 76 92 0 (72 104 0 ) (72 96 0 ) (72 92 44 ) (72 96 88 ) 
5 76 91 0 (72 98 110.001869 ) (72 104.004883 87.984375 ) (72 112.003464 0 ) (72 104 0 ) (72 96 88 ) 
3 76 90 0 (72 80 176.004761 ) (72 98 110.001869 ) (72 92 44 ) 
4 76 88 0 (72 88 87.998512 ) (72 96 0 ) (88 96 0 ) (112 88 87.998512 ) 
4 76 87 0 (104 96 0 ) (128 96 0 ) (136 88 87.998512 ) (112 88 87.998512 ) 
3 76 84 0 (72 85.333069 117.333328 ) (72 88 87.998512 ) (80 88 87.998512 ) 
5 76 79 0 (72 80 176.007813 ) (72 85.333069 117.333328 ) (80 88 87.998512 ) (136 88 87.998512 ) (144 80 176.007813 ) 
4 76 77 0 (128 96 0 ) (1024 96 0 ) (1024 80 176.007874 ) (144 80 176.007813 ) 
4 77 109 0 (128 0 0 ) (1024 0 0 ) (1024 0 469.333344 ) (170.666687 0 469.333374 ) 
3 77 87 0 (136.002777 88.003090 88.033958 ) (128 96.006134 0 ) (128 80 0 ) 
4 77 80 0 (128 56 0 ) (128 16 0 ) (136 8 88 ) (156 28 308 ) 
6 77 79 0 (159.998962 32 351.994781 ) (143.996094 80.009766 175.960938 ) (136.002777 88.003090 88.033958 ) (128 80 0 ) (128 56 0 ) (156 28 308 ) 
3 77 78 0 (170.665115 0 469.323914 ) (159.998962 32 351.994781 ) (128 0 0 ) 
5 78 109 0 (72 0 0 ) (128 0 0 ) (170.666687 0 469.333374 ) (128 0 469.333374 ) (72 0 264 ) 
3 78 96 0 (72 0 0 ) (72 0 264 ) (72 24 264 ) 
3 78 85 0 (104 0 0 ) (88 0 0 ) (80 8 88 ) 
4 78 84 0 (88 0 0 ) (72 0 0 ) (72 10.666665 117.333321 ) (80 8 88 ) 
4 78 83 0 (136 8 88 ) (112 0 0 ) (104 0 0 ) (80 8 88 ) 
6 78 81 0 (128 8 88 ) (80 8 88 ) (72 10.666665 117.333321 ) (72 24 264 ) (84 28 308 ) (148 28 308 ) 
4 78 80 0 (156 28 308 ) (136 8 88 ) (128 8 88 ) (148 28 308 ) 
4 78 79 0 (160 32 352 ) (156 28 308 ) (84 28 308 ) (96 32 352 ) 
4 79 96 0 (72 40 176 ) (72 32 264 ) (72 40 264 ) (72 44 220 ) 
4 79 93 0 (72 53.333336 117.333313 ) (72 45.333340 117.333313 ) (72 40 176 ) (72 44 220 ) 
5 79 90 0 (72 56.001129 264 ) (72 80 176.004761 ) (72 85.333336 117.333328 ) (72 53.333336 117.333313 ) (72 40 264 ) 
3 79 88 0 (96 82.666664 29.333321 ) (80 88 88 ) (112 88 88 ) 
4 79 87 0 (136 88 88 ) (128 80 0 ) (104 80 0 ) (112 88 88 ) 
5 79 86 0 (80 88 88.007813 ) (104.002136 80 0 ) (104.001709 64 0 ) (99.201408 54.399998 17.599998 ) (80 48 88.005844 ) 
4 79 84 0 (80 88 88.007813 ) (80 48 88.005844 ) (72 45.333023 117.336716 ) (72 85.333336 117.340607 ) 
7 79 81 0 (72 45.334641 117.311142 ) (103.993942 56 0 ) (104 56 0 ) (128 48 88 ) (148 28 307.992188 ) (83.997864 28 307.992188 ) (72 32 264 ) 
4 79 80 0 (120 56 0 ) (127.998741 56 0 ) (155.992188 28 307.992188 ) (148 28 307.992188 ) 
3 80 83 0 (135.997864 8 87.992188 ) (128 8 87.992188 ) (124 12 44 ) 
4 80 82 0 (120 40 0 ) (120 16 0 ) (128 8 88 ) (128 48 88 ) 
3 80 81 0 (148.001953 28.002930 308.023438 ) (128 48.004730 88 ) (128 8 88 ) 
5 81 96 0 (72 34.666664 117.333305 ) (72 10.666664 117.333298 ) (72 24 264 ) (72 32 264 ) (72 40 176 ) 
3 81 93 0 (72 45.333340 117.333313 ) (72 34.666664 117.333305 ) (72 40 176 ) 
3 81 86 0 (79.998726 15.998007 88.005486 ) (80 48 88.005844 ) (99.201408 54.400002 17.599998 ) 
4 81 85 0 (104.001282 48 0 ) (104 16 0 ) (79.998535 8 88.005394 ) (79.998726 15.998007 88.005486 ) 
4 81 84 0 (79.998535 8 88.005394 ) (72 10.665688 117.333344 ) (72 45.333023 117.336716 ) (80 48 88.005844 ) 
4 81 83 0 (79.996094 8 87.992188 ) (103.993958 16 0 ) (104 16 0 ) (127.997864 8 87.992188 ) 
5 81 82 0 (128.001953 48 88.007813 ) (128.001953 8 88.007813 ) (128 8 88 ) (104 16 0 ) (103.997620 40 0 ) 
5 82 83 0 (104 16 0 ) (112 16 0 ) (124 12 44 ) (128 8 87.992188 ) (127.997864 8 87.992188 ) 
3 83 85 0 (104 16 0 ) (104 0 0 ) (79.998535 8 88.005394 ) 
5 84 96 0 (72 8 0 ) (72 0 0 ) (72 10.666664 117.333298 ) (72 34.666668 117.333305 ) (72 32 88 ) 
4 84 94 0 (72 64 0 ) (72 24 0 ) (72 34.666668 117.333305 ) (72 53.333336 117.333313 ) 
5 84 90 0 (72 85.333336 117.333328 ) (72 88 88 ) (72 80 0 ) (72 64 0 ) (72 53.333336 117.333313 ) 
4 84 88 0 (88 80 0 ) (72 80 0 ) (72 88 88 ) (80 88 88 ) 
4 84 86 0 (88 80 0 ) (80 88 88.003906 ) (80 15.998581 88.003906 ) (88 64 0 ) 
4 84 85 0 (80 15.998581 88.003906 ) (80 8 88.003906 ) (88 0 0 ) (88 48 0 ) 
3 86 88 0 (88 80 0 ) (80 88 88 ) (96 82.666664 29.333321 ) 
3 88 92 0 (72 92 44 ) (72 96 0 ) (72 88 0 ) 
4 88 90 0 (72 88 88 ) (72 92 44 ) (72 88 0 ) (72 80 0 ) 
4 89 104 0 (16 64 0 ) (24.001709 56 88.006592 ) (24.001709 72 88.006592 ) (24.001114 72 88 ) 
5 89 103 0 (16 112 0 ) (16 80 0 ) (24.001709 72 88.006592 ) (24.001709 103.998199 88.006592 ) (24.001108 104 88 ) 
5 89 98 0 (32 112 0 ) (15.991211 112 0 ) (23.987217 104.004486 87.953125 ) (24.002131 104 88.007813 ) (40 104 88.007813 ) 
4 89 93 0 (48 48 176 ) (24 56 88 ) (16 64 0 ) (32 64 0 ) 
5 89 91 0 (32 104 0 ) (32 111.993164 0 ) (40.002930 103.989258 88.039063 ) (42 98 110 ) (40 96 88 ) 
5 89 90 0 (47.998928 48.003983 175.996048 ) (32 64.003616 0 ) (32 88 0 ) (42 98 110 ) (48 80 175.996399 ) 
3 90 96 0 (72 44 220.001801 ) (72 40 264 ) (60 44 220.002365 ) 
4 90 94 0 (72 64 0 ) (72 53.333511 117.333344 ) (64 56 88 ) (56 64 0 ) 
6 90 93 0 (72 53.333511 117.333344 ) (72 44 220.001801 ) (60 44 220.002365 ) (48 48 176 ) (32 64 0 ) (40 64 0 ) 
5 90 92 0 (40.001816 95.998901 87.980064 ) (40.003273 96 87.996101 ) (72 96 87.996094 ) (72 88 0 ) (48 88 0 ) 
4 90 91 0 (40.003273 96 87.996101 ) (42.003448 98 109.998047 ) (72 98 109.998032 ) (72 96 87.996094 ) 
4 91 98 0 (64 112 0 ) (32 112 0 ) (40 104 88.007813 ) (72 104 88.007813 ) 
4 91 92 0 (72 104 0 ) (72 96 88 ) (40 96 88 ) (48 104 0 ) 
4 93 104 0 (16 64 0 ) (16 24 0 ) (24.001709 32 88.006592 ) (24.001709 56 88.006592 ) 
4 93 97 0 (24 32 88 ) (16 24 0 ) (40 24 0 ) (64 32 88 ) 
5 93 96 0 (72 34.666668 117.333336 ) (72 44 220 ) (60 44 220 ) (24 32 88 ) (64 32 88 ) 
5 93 95 0 (64 32.006035 88.005867 ) (39.998940 24.005501 0 ) (40 48 0 ) (63.996483 55.998970 87.988647 ) (64 55.997726 88.002319 ) 
4 93 94 0 (72 34.672523 117.337234 ) (64 32.006035 88.005867 ) (64 55.997726 88.002319 ) (72 53.331055 117.335938 ) 
3 94 97 0 (72 32 88 ) (64 32 88 ) (56 24 0 ) 
3 94 96 0 (72 32 88 ) (72 34.666668 117.333336 ) (64 32 88 ) 
5 94 95 0 (56 23.992188 0 ) (64 31.992188 88.007813 ) (64 56 88.007813 ) (64 56 88 ) (56 48 0 ) 
3 95 97 0 (64 32 88 ) (40 24 0 ) (56 24 0 ) 
4 96 109 0 (16 0 0 ) (72 0 0 ) (72 0 264 ) (24 0 88 ) 
5 96 104 0 (24.001110 8 88 ) (24.001709 8 88.006592 ) (24.001709 32 88.006592 ) (24.001112 32 88 ) (18.001009 14 22 ) 
3 96 102 0 (16 0 0 ) (24.001709 0 88.006592 ) (24.001709 8 88.006592 ) 
6 96 97 0 (16 8.003906 0 ) (23.998402 31.997158 87.994133 ) (24.003197 32.001953 88.011719 ) (72 32.001953 88.011719 ) (72 31.998755 88 ) (56 8 0 ) 
4 97 104 0 (16 24 0 ) (16 16 0 ) (18.001009 14 22 ) (24.001112 32 88 ) 
3 98 103 0 (16 112 0 ) (24.001108 104 88 ) (19.201031 118.399994 35.200001 ) 
3 102 109 0 (0 0 0 ) (16 0 0 ) (24 0 88 ) 
4 105 135 0 (0 -1024 4096 ) (0 -1024 4832 ) (0 0 4832 ) (0 0 4096 ) 
4 105 110 0 (0 -1024 4832 ) (0 -1024 4096 ) (1024 -1024 4096 ) (1024 -1024 4832 ) 
4 105 106 0 (1024 -1024 4096 ) (0 -1024 4096 ) (0 0 4096 ) (1024 0 4096 ) 
4 106 136 0 (0 -1024 3072 ) (0 -1024 4096 ) (0 0 4096 ) (0 0 3072 ) 
4 106 111 0 (0 -1024 4096 ) (0 -1024 3072 ) (1024 -1024 3072 ) (1024 -1024 4096 ) 
4 106 107 0 (1024 -1024 3072 ) (0 -1024 3072 ) (0 0 3072 ) (1024 0 3072 ) 
4 107 137 0 (0 -1024 2048 ) (0 -1024 3072 ) (0 0 3072 ) (0 0 2048 ) 
4 107 112 0 (0 -1024 3072 ) (0 -1024 2048 ) (1024 -1024 2048 ) (1024 -1024 3072 ) 
4 107 108 0 (1024 -1024 2048 ) (0 -1024 2048 ) (0 0 2048 ) (1024 0 2048 ) 
4 108 138 0 (0 -1024 1024 ) (0 -1024 2048 ) (0 0 2048 ) (0 0 1024 ) 
4 108 113 0 (0 -1024 2048 ) (0 -1024 1024 ) (1024 -1024 1024 ) (1024 -1024 2048 ) 
4 108 109 0 (1024 -1024 1024 ) (0 -1024 1024 ) (0 0 1024 ) (1024 0 1024 ) 
4 109 139 0 (0 -1024 0 ) (0 -1024 1024 ) (0 0 1024 ) (0 0 0 ) 
4 109 114 0 (0 -1024 1024 ) (0 -1024 0 ) (1024 -1024 0 ) (1024 -1024 1024 ) 
4 110 140 0 (0 -2048 4096 ) (0 -2048 4832 ) (0 -1024 4832 ) (0 -1024 4096 ) 
4 110 115 0 (0 -2048 4832 ) (0 -2048 4096 ) (1024 -2048 4096 ) (1024 -2048 4832 ) 
4 110 111 0 (1024 -2048 4096 ) (0 -2048 4096 ) (0 -1024 4096 ) (1024 -1024 4096 ) 
4 111 141 0 (0 -2048 3072 ) (0 -2048 4096 ) (0 -1024 4096 ) (0 -1024 3072 ) 
4 111 116 0 (0 -2048 4096 ) (0 -2048 3072 ) (1024 -2048 3072 ) (1024 -2048 4096 ) 
4 111 112 0 (1024 -2048 3072 ) (0 -2048 3072 ) (0 -1024 3072 ) (1024 -1024 3072 ) 
4 112 142 0 (0 -2048 2048 ) (0 -2048 3072 ) (0 -1024 3072 ) (0 -1024 2048 ) 
4 112 117 0 (0 -2048 3072 ) (0 -2048 2048 ) (1024 -2048 2048 ) (1024 -2048 3072 ) 
4 112 113 0 (1024 -2048 2048 ) (0 -2048 2048 ) (0 -1024 2048 ) (1024 -1024 2048 ) 
4 113 143 0 (0 -2048 1024 ) (0 -2048 2048 ) (0 -1024 2048 ) (0 -1024 1024 ) 
4 113 118 0 (0 -2048 2048 ) (0 -2048 1024 ) (1024 -2048 1024 ) (1024 -2048 2048 ) 
4 113 114 0 (1024 -2048 1024 ) (0 -2048 1024 ) (0 -1024 1024 ) (1024 -1024 1024 ) 
4 114 144 0 (0 -2048 0 ) (0 -2048 1024 ) (0 -1024 1024 ) (0 -1024 0 ) 
4 114 119 0 (0 -2048 1024 ) (0 -2048 0 ) (1024 -2048 0 ) (1024 -2048 1024 ) 
4 115 145 0 (0 -2048 4832 ) (0 -2048 4096 ) (0 -2112 4096 ) (0 -2112 4832 ) 
4 115 116 0 (0 -2112 4096 ) (0 -2048 4096 ) (1024 -2048 4096 ) (1024 -2112 4096 ) 
4 116 146 0 (0 -2112 4096 ) (0 -2048 4096 ) (0 -2048 3072 ) (0 -2112 3072 ) 
4 116 117 0 (0 -2112 3072 ) (0 -2048 3072 ) (1024 -2048 3072 ) (1024 -2112 3072 ) 
4 117 147 0 (0 -2112 3072 ) (0 -2048 3072 ) (0 -2048 2048 ) (0 -2112 2048 ) 
4 117 118 0 (0 -2112 2048 ) (0 -2048 2048 ) (1024 -2048 2048 ) (1024 -2112 2048 ) 
4 118 148 0 (0 -2112 2048 ) (0 -2048 2048 ) (0 -2048 1024 ) (0 -2112 1024 ) 
4 118 119 0 (0 -2112 1024 ) (0 -2048 1024 ) (1024 -2048 1024 ) (1024 -2112 1024 ) 
4 119 149 0 (0 -2112 1024 ) (0 -2048 1024 ) (0 -2048 0 ) (0 -2112 0 ) 
4 120 150 0 (-1024 2176 4096 ) (-1024 2048 4096 ) (-1024 2048 4832 ) (-1024 2176 4832 ) 
4 120 125 0 (-1024 2048 4832 ) (-1024 2048 4096 ) (0 2048 4096 ) (0 2048 4832 ) 
4 120 121 0 (0 2048 4096 ) (-1024 2048 4096 ) (-1024 2176 4096 ) (0 2176 4096 ) 
4 121 151 0 (-1024 2176 3072 ) (-1024 2048 3072 ) (-1024 2048 4096 ) (-1024 2176 4096 ) 
4 121 126 0 (-1024 2048 4096 ) (-1024 2048 3072 ) (0 2048 3072 ) (0 2048 4096 ) 
4 121 122 0 (0 2048 3072 ) (-1024 2048 3072 ) (-1024 2176 3072 ) (0 2176 3072 ) 
4 122 152 0 (-1024 2176 2048 ) (-1024 2048 2048 ) (-1024 2048 3072 ) (-1024 2176 3072 ) 
4 122 127 0 (-1024 2048 3072 ) (-1024 2048 2048 ) (0 2048 2048 ) (0 2048 3072 ) 
4 122 123 0 (0 2048 2048 ) (-1024 2048 2048 ) (-1024 2176 2048 ) (0 2176 2048 ) 
4 123 153 0 (-1024 2176 1024 ) (-1024 2048 1024 ) (-1024 2048 2048 ) (-1024 2176 2048 ) 
4 123 128 0 (-1024 2048 2048 ) (-1024 2048 1024 ) (0 2048 1024 ) (0 2048 2048 ) 
4 123 124 0 (0 2048 1024 ) (-1024 2048 1024 ) (-1024 2176 1024 ) (0 2176 1024 ) 
4 124 154 0 (-1024 2176 0 ) (-1024 2048 0 ) (-1024 2048 1024 ) (-1024 2176 1024 ) 
4 124 129 0 (-1024 2048 1024 ) (-1024 2048 0 ) (0 2048 0 ) (0 2048 1024 ) 
4 125 155 0 (-1024 1024 4096 ) (-1024 1024 4832 ) (-1024 2048 4832 ) (-1024 2048 4096 ) 
4 125 130 0 (-1024 1024 4832 ) (-1024 1024 4096 ) (0 1024 4096 ) (0 1024 4832 ) 
4 125 126 0 (0 1024 4096 ) (-1024 1024 4096 ) (-1024 2048 4096 ) (0 2048 4096 ) 
4 126 156 0 (-1024 1024 3072 ) (-1024 1024 4096 ) (-1024 2048 4096 ) (-1024 2048 3072 ) 
4 126 131 0 (-1024 1024 4096 ) (-1024 1024 3072 ) (0 1024 3072 ) (0 1024 4096 ) 
4 126 127 0 (0 1024 3072 ) (-1024 1024 3072 ) (-1024 2048 3072 ) (0 2048 3072 ) 
4 127 157 0 (-1024 1024 2048 ) (-1024 1024 3072 ) (-1024 2048 3072 ) (-1024 2048 2048 ) 
4 127 132 0 (-1024 1024 3072 ) (-1024 1024 2048 ) (0 1024 2048 ) (0 1024 3072 ) 
4 127 128 0 (0 1024 2048 ) (-1024 1024 2048 ) (-1024 2048 2048 ) (0 2048 2048 ) 
4 128 158 0 (-1024 1024 1024 ) (-1024 1024 2048 ) (-1024 2048 2048 ) (-1024 2048 1024 ) 
4 128 133 0 (-1024 1024 2048 ) (-1024 1024 1024 ) (0 1024 1024 ) (0 1024 2048 ) 
4 128 129 0 (0 1024 1024 ) (-1024 1024 1024 ) (-1024 2048 1024 ) (0 2048 1024 ) 
4 129 159 0 (-1024 1024 0 ) (-1024 1024 1024 ) (-1024 2048 1024 ) (-1024 2048 0 ) 
4 129 134 0 (-1024 1024 1024 ) (-1024 1024 0 ) (0 1024 0 ) (0 1024 1024 ) 
4 130 160 0 (-1024 0 4096 ) (-1024 0 4832 ) (-1024 1024 4832 ) (-1024 1024 4096 ) 
4 130 135 0 (-1024 0 4832 ) (-1024 0 4096 ) (0 0 4096 ) (0 0 4832 ) 
4 130 131 0 (0 0 4096 ) (-1024 0 4096 ) (-1024 1024 4096 ) (0 1024 4096 ) 
4 131 161 0 (-1024 0 3072 ) (-1024 0 4096 ) (-1024 1024 4096 ) (-1024 1024 3072 ) 
4 131 136 0 (-1024 0 4096 ) (-1024 0 3072 ) (0 0 3072 ) (0 0 4096 ) 
4 131 132 0 (0 0 3072 ) (-1024 0 3072 ) (-1024 1024 3072 ) (0 1024 3072 ) 
4 132 162 0 (-1024 0 2048 ) (-1024 0 3072 ) (-1024 1024 3072 ) (-1024 1024 2048 ) 
4 132 137 0 (-1024 0 3072 ) (-1024 0 2048 ) (0 0 2048 ) (0 0 3072 ) 
4 132 133 0 (0 0 2048 ) (-1024 0 2048 ) (-1024 1024 2048 ) (0 1024 2048 ) 
4 133 163 0 (-1024 0 1024 ) (-1024 0 2048 ) (-1024 1024 2048 ) (-1024 1024 1024 ) 
4 133 138 0 (-1024 0 2048 ) (-1024 0 1024 ) (0 0 1024 ) (0 0 2048 ) 
4 133 134 0 (0 0 1024 ) (-1024 0 1024 ) (-1024 1024 1024 ) (0 1024 1024 ) 
4 134 164 0 (-1024 0 0 ) (-1024 0 1024 ) (-1024 1024 1024 ) (-1024 1024 0 ) 
4 134 139 0 (-1024 0 1024 ) (-1024 0 0 ) (0 0 0 ) (0 0 1024 ) 
4 135 165 0 (-1024 -1024 4096 ) (-1024 -1024 4832 ) (-1024 0 4832 ) (-1024 0 4096 ) 
4 135 140 0 (-1024 -1024 4832 ) (-1024 -1024 4096 ) (0 -1024 4096 ) (0 -1024 4832 ) 
4 135 136 0 (0 -1024 4096 ) (-1024 -1024 4096 ) (-1024 0 4096 ) (0 0 4096 ) 
4 136 166 0 (-1024 -1024 3072 ) (-1024 -1024 4096 ) (-1024 0 4096 ) (-1024 0 3072 ) 
4 136 141 0 (-1024 -1024 4096 ) (-1024 -1024 3072 ) (0 -1024 3072 ) (0 -1024 4096 ) 
4 136 137 0 (0 -1024 3072 ) (-1024 -1024 3072 ) (-1024 0 3072 ) (0 0 3072 ) 
4 137 167 0 (-1024 -1024 2048 ) (-1024 -1024 3072 ) (-1024 0 3072 ) (-1024 0 2048 ) 
4 137 142 0 (-1024 -1024 3072 ) (-1024 -1024 2048 ) (0 -1024 2048 ) (0 -1024 3072 ) 
4 137 138 0 (0 -1024 2048 ) (-1024 -1024 2048 ) (-1024 0 2048 ) (0 0 2048 ) 
4 138 168 0 (-1024 -1024 1024 ) (-1024 -1024 2048 ) (-1024 0 2048 ) (-1024 0 1024 ) 
4 138 143 0 (-1024 -1024 2048 ) (-1024 -1024 1024 ) (0 -1024 1024 ) (0 -1024 2048 ) 
4 138 139 0 (0 -1024 1024 ) (-1024 -1024 1024 ) (-1024 0 1024 ) (0 0 1024 ) 
4 139 169 0 (-1024 -1024 0 ) (-1024 -1024 1024 ) (-1024 0 1024 ) (-1024 0 0 ) 
4 139 144 0 (-1024 -1024 1024 ) (-1024 -1024 0 ) (0 -1024 0 ) (0 -1024 1024 ) 
4 140 170 0 (-1024 -2048 4096 ) (-1024 -2048 4832 ) (-1024 -1024 4832 ) (-1024 -1024 4096 ) 
4 140 145 0 (-1024 -2048 4832 ) (-1024 -2048 4096 ) (0 -2048 4096 ) (0 -2048 4832 ) 
4 140 141 0 (0 -2048 4096 ) (-1024 -2048 4096 ) (-1024 -1024 4096 ) (0 -1024 4096 ) 
4 141 171 0 (-1024 -2048 3072 ) (-1024 -2048 4096 ) (-1024 -1024 4096 ) (-1024 -1024 3072 ) 
4 141 146 0 (-1024 -2048 4096 ) (-1024 -2048 3072 ) (0 -2048 3072 ) (0 -2048 4096 ) 
4 141 142 0 (0 -2048 3072 ) (-1024 -2048 3072 ) (-1024 -1024 3072 ) (0 -1024 3072 ) 
4 142 172 0 (-1024 -2048 2048 ) (-1024 -2048 3072 ) (-1024 -1024 3072 ) (-1024 -1024 2048 ) 
4 142 147 0 (-1024 -2048 3072 ) (-1024 -2048 2048 ) (0 -2048 2048 ) (0 -2048 3072 ) 
4 142 143 0 (0 -2048 2048 ) (-1024 -2048 2048 ) (-1024 -1024 2048 ) (0 -1024 2048 ) 
4 143 173 0 (-1024 -2048 1024 ) (-1024 -2048 2048 ) (-1024 -1024 2048 ) (-1024 -1024 1024 ) 
4 143 148 0 (-1024 -2048 2048 ) (-1024 -2048 1024 ) (0 -2048 1024 ) (0 -2048 2048 ) 
4 143 144 0 (0 -2048 1024 ) (-1024 -2048 1024 ) (-1024 -1024 1024 ) (0 -1024 1024 ) 
4 144 174 0 (-1024 -2048 0 ) (-1024 -2048 1024 ) (-1024 -1024 1024 ) (-1024 -1024 0 ) 
4 144 149 0 (-1024 -2048 1024 ) (-1024 -2048 0 ) (0 -2048 0 ) (0 -2048 1024 ) 
4 145 175 0 (-1024 -2112 4832 ) (-1024 -2048 4832 ) (-1024 -2048 4096 ) (-1024 -2112 4096 ) 
4 145 146 0 (-1024 -2112 4096 ) (-1024 -2048 4096 ) (0 -2048 4096 ) (0 -2112 4096 ) 
4 146 176 0 (-1024 -2112 4096 ) (-1024 -2048 4096 ) (-1024 -2048 3072 ) (-1024 -2112 3072 ) 
4 146 147 0 (-1024 -2112 3072 ) (-1024 -2048 3072 ) (0 -2048 3072 ) (0 -2112 3072 ) 
4 147 177 0 (-1024 -2112 3072 ) (-1024 -2048 3072 ) (-1024 -2048 2048 ) (-1024 -2112 2048 ) 
4 147 148 0 (-1024 -2112 2048 ) (-1024 -2048 2048 ) (0 -2048 2048 ) (0 -2112 2048 ) 
4 148 178 0 (-1024 -2112 2048 ) (-1024 -2048 2048 ) (-1024 -2048 1024 ) (-1024 -2112 1024 ) 
4 148 149 0 (-1024 -2112 1024 ) (-1024 -2048 1024 ) (0 -2048 1024 ) (0 -2112 1024 ) 
4 149 179 0 (-1024 -2112 0 ) (-1024 -2112 1024 ) (-1024 -2048 1024 ) (-1024 -2048 0 ) 
4 150 180 0 (-2048 2048 4096 ) (-2048 2048 4832 ) (-2048 2176 4832 ) (-2048 2176 4096 ) 
4 150 155 0 (-2048 2048 4832 ) (-2048 2048 4096 ) (-1024 2048 4096 ) (-1024 2048 4832 ) 
4 150 151 0 (-1024 2048 4096 ) (-2048 2048 4096 ) (-2048 2176 4096 ) (-1024 2176 4096 ) 
4 151 181 0 (-2048 2048 3072 ) (-2048 2048 4096 ) (-2048 2176 4096 ) (-2048 2176 3072 ) 
4 151 156 0 (-2048 2048 4096 ) (-2048 2048 3072 ) (-1024 2048 3072 ) (-1024 2048 4096 ) 
4 151 152 0 (-1024 2048 3072 ) (-2048 2048 3072 ) (-2048 2176 3072 ) (-1024 2176 3072 ) 
4 152 182 0 (-2048 2048 2048 ) (-2048 2048 3072 ) (-2048 2176 3072 ) (-2048 2176 2048 ) 
4 152 157 0 (-2048 2048 3072 ) (-2048 2048 2048 ) (-1024 2048 2048 ) (-1024 2048 3072 ) 
4 152 153 0 (-1024 2048 2048 ) (-2048 2048 2048 ) (-2048 2176 2048 ) (-1024 2176 2048 ) 
4 153 183 0 (-2048 2048 1024 ) (-2048 2048 2048 ) (-2048 2176 2048 ) (-2048 2176 1024 ) 
4 153 158 0 (-2048 2048 2048 ) (-2048 2048 1024 ) (-1024 2048 1024 ) (-1024 2048 2048 ) 
4 153 154 0 (-1024 2048 1024 ) (-2048 2048 1024 ) (-2048 2176 1024 ) (-1024 2176 1024 ) 
4 154 184 0 (-2048 2048 0 ) (-2048 2048 1024 ) (-2048 2176 1024 ) (-2048 2176 0 ) 
4 154 159 0 (-2048 2048 1024 ) (-2048 2048 0 ) (-1024 2048 0 ) (-1024 2048 1024 ) 
4 155 185 0 (-2048 1024 4096 ) (-2048 1024 4832 ) (-2048 2048 4832 ) (-2048 2048 4096 ) 
4 155 160 0 (-2048 1024 4832 ) (-2048 1024 4096 ) (-1024 1024 4096 ) (-1024 1024 4832 ) 
4 155 156 0 (-1024 1024 4096 ) (-2048 1024 4096 ) (-2048 2048 4096 ) (-1024 2048 4096 ) 
4 156 186 0 (-2048 1024 3072 ) (-2048 1024 4096 ) (-2048 2048 4096 ) (-2048 2048 3072 ) 
4 156 161 0 (-2048 1024 4096 ) (-2048 1024 3072 ) (-1024 1024 3072 ) (-1024 1024 4096 ) 
4 156 157 0 (-1024 1024 3072 ) (-2048 1024 3072 ) (-2048 2048 3072 ) (-1024 2048 3072 ) 
4 157 187 0 (-2048 1024 2048 ) (-2048 1024 3072 ) (-2048 2048 3072 ) (-2048 2048 2048 ) 
4 157 162 0 (-2048 1024 3072 ) (-2048 1024 2048 ) (-1024 1024 2048 ) (-1024 1024 3072 ) 
4 157 158 0 (-1024 1024 2048 ) (-2048 1024 2048 ) (-2048 2048 2048 ) (-1024 2048 2048 ) 
4 158 188 0 (-2048 1024 1024 ) (-2048 1024 2048 ) (-2048 2048 2048 ) (-2048 2048 1024 ) 
4 158 163 0 (-2048 1024 2048 ) (-2048 1024 1024 ) (-1024 1024 1024 ) (-1024 1024 2048 ) 
4 158 159 0 (-1024 1024 1024 ) (-2048 1024 1024 ) (-2048 2048 1024 ) (-1024 2048 1024 ) 
4 159 189 0 (-2048 1024 0 ) (-2048 1024 1024 ) (-2048 2048 1024 ) (-2048 2048 0 ) 
4 159 164 0 (-2048 1024 1024 ) (-2048 1024 0 ) (-1024 1024 0 ) (-1024 1024 1024 ) 
4 160 190 0 (-2048 0 4096 ) (-2048 0 4832 ) (-2048 1024 4832 ) (-2048 1024 4096 ) 
4 160 165 0 (-2048 0 4832 ) (-2048 0 4096 ) (-1024 0 4096 ) (-1024 0 4832 ) 
4 160 161 0 (-1024 0 4096 ) (-2048 0 4096 ) (-2048 1024 4096 ) (-1024 1024 4096 ) 
4 161 191 0 (-2048 0 3072 ) (-2048 0 4096 ) (-2048 1024 4096 ) (-2048 1024 3072 ) 
4 161 166 0 (-2048 0 4096 ) (-2048 0 3072 ) (-1024 0 3072 ) (-1024 0 4096 ) 
4 161 162 0 (-1024 0 3072 ) (-2048 0 3072 ) (-2048 1024 3072 ) (-1024 1024 3072 ) 
4 162 192 0 (-2048 0 2048 ) (-2048 0 3072 ) (-2048 1024 3072 ) (-2048 1024 2048 ) 
4 162 167 0 (-2048 0 3072 ) (-2048 0 2048 ) (-1024 0 2048 ) (-1024 0 3072 ) 
4 162 163 0 (-1024 0 2048 ) (-2048 0 2048 ) (-2048 1024 2048 ) (-1024 1024 2048 ) 
4 163 193 0 (-2048 0 1024 ) (-2048 0 2048 ) (-2048 1024 2048 ) (-2048 1024 1024 ) 
4 163 168 0 (-2048 0 2048 ) (-2048 0 1024 ) (-1024 0 1024 ) (-1024 0 2048 ) 
4 163 164 0 (-1024 0 1024 ) (-2048 0 1024 ) (-2048 1024 1024 ) (-1024 1024 1024 ) 
4 164 194 0 (-2048 0 0 ) (-2048 0 1024 ) (-2048 1024 1024 ) (-2048 1024 0 ) 
4 164 169 0 (-2048 0 1024 ) (-2048 0 0 ) (-1024 0 0 ) (-1024 0 1024 ) 
4 165 195 0 (-2048 -1024 4096 ) (-2048 -1024 4832 ) (-2048 0 4832 ) (-2048 0 4096 ) 
4 165 170 0 (-2048 -1024 4832 ) (-2048 -1024 4096 ) (-1024 -1024 4096 ) (-1024 -1024 4832 ) 
4 165 166 0 (-1024 -1024 4096 ) (-2048 -1024 4096 ) (-2048 0 4096 ) (-1024 0 4096 ) 
4 166 196 0 (-2048 -1024 3072 ) (-2048 -1024 4096 ) (-2048 0 4096 ) (-2048 0 3072 ) 
4 166 171 0 (-2048 -1024 4096 ) (-2048 -1024 3072 ) (-1024 -1024 3072 ) (-1024 -1024 4096 ) 
4 166 167 0 (-1024 -1024 3072 ) (-2048 -1024 3072 ) (-2048 0 3072 ) (-1024 0 3072 ) 
4 167 197 0 (-2048 -1024 2048 ) (-2048 -1024 3072 ) (-2048 0 3072 ) (-2048 0 2048 ) 
4 167 172 0 (-2048 -1024 3072 ) (-2048 -1024 2048 ) (-1024 -1024 2048 ) (-1024 -1024 3072 ) 
4 167 168 0 (-1024 -1024 2048 ) (-2048 -1024 2048 ) (-2048 0 2048 ) (-1024 0 2048 ) 
4 168 198 0 (-2048 -1024 1024 ) (-2048 -1024 2048 ) (-2048 0 2048 ) (-2048 0 1024 ) 
4 168 173 0 (-2048 -1024 2048 ) (-2048 -1024 1024 ) (-1024 -1024 1024 ) (-1024 -1024 2048 ) 
4 168 169 0 (-1024 -1024 1024 ) (-2048 -1024 1024 ) (-2048 0 1024 ) (-1024 0 1024 ) 
4 169 199 0 (-2048 -1024 0 ) (-2048 -1024 1024 ) (-2048 0 1024 ) (-2048 0 0 ) 
4 169 174 0 (-2048 -1024 1024 ) (-2048 -1024 0 ) (-1024 -1024 0 ) (-1024 -1024 1024 ) 
4 170 200 0 (-2048 -2048 4096 ) (-2048 -2048 4832 ) (-2048 -1024 4832 ) (-2048 -1024 4096 ) 
4 170 175 0 (-2048 -2048 4832 ) (-2048 -2048 4096 ) (-1024 -2048 4096 ) (-1024 -2048 4832 ) 
4 170 171 0 (-1024 -2048 4096 ) (-2048 -2048 4096 ) (-2048 -1024 4096 ) (-1024 -1024 4096 ) 
4 171 201 0 (-2048 -2048 3072 ) (-2048 -2048 4096 ) (-2048 -1024 4096 ) (-2048 -1024 3072 ) 
4 171 176 0 (-2048 -2048 4096 ) (-2048 -2048 3072 ) (-1024 -2048 3072 ) (-1024 -2048 4096 ) 
4 171 172 0 (-1024 -2048 3072 ) (-2048 -2048 3072 ) (-2048 -1024 3072 ) (-1024 -1024 3072 ) 
4 172 202 0 (-2048 -2048 2048 ) (-2048 -2048 3072 ) (-2048 -1024 3072 ) (-2048 -1024 2048 ) 
4 172 177 0 (-2048 -2048 3072 ) (-2048 -2048 2048 ) (-1024 -2048 2048 ) (-1024 -2048 3072 ) 
4 172 173 0 (-1024 -2048 2048 ) (-2048 -2048 2048 ) (-2048 -1024 2048 ) (-1024 -1024 2048 ) 
4 173 203 0 (-2048 -2048 1024 ) (-2048 -2048 2048 ) (-2048 -1024 2048 ) (-2048 -1024 1024 ) 
4 173 178 0 (-2048 -2048 2048 ) (-2048 -2048 1024 ) (-1024 -2048 1024 ) (-1024 -2048 2048 ) 
4 173 174 0 (-1024 -2048 1024 ) (-2048 -2048 1024 ) (-2048 -1024 1024 ) (-1024 -1024 1024 ) 
4 174 204 0 (-2048 -2048 0 ) (-2048 -2048 1024 ) (-2048 -1024 1024 ) (-2048 -1024 0 ) 
4 174 179 0 (-2048 -2048 1024 ) (-2048 -2048 0 ) (-1024 -2048 0 ) (-1024 -2048 1024 ) 
4 175 205 0 (-2048 -2048 4832 ) (-2048 -2048 4096 ) (-2048 -2112 4096 ) (-2048 -2112 4832 ) 
4 175 176 0 (-2048 -2112 4096 ) (-2048 -2048 4096 ) (-1024 -2048 4096 ) (-1024 -2112 4096 ) 
4 176 206 0 (-2048 -2112 4096 ) (-2048 -2048 4096 ) (-2048 -2048 3072 ) (-2048 -2112 3072 ) 
4 176 177 0 (-2048 -2112 3072 ) (-2048 -2048 3072 ) (-1024 -2048 3072 ) (-1024 -2112 3072 ) 
4 177 207 0 (-2048 -2112 3072 ) (-2048 -2048 3072 ) (-2048 -2048 2048 ) (-2048 -2112 2048 ) 
4 177 178 0 (-2048 -2112 2048 ) (-2048 -2048 2048 ) (-1024 -2048 2048 ) (-1024 -2112 2048 ) 
4 178 208 0 (-2048 -2112 2048 ) (-2048 -2048 2048 ) (-2048 -2048 1024 ) (-2048 -2112 1024 ) 
4 178 179 0 (-2048 -2112 1024 ) (-2048 -2048 1024 ) (-1024 -2048 1024 ) (-1024 -2112 1024 ) 
4 179 209 0 (-2048 -2112 1024 ) (-2048 -2048 1024 ) (-2048 -2048 0 ) (-2048 -2112 0 ) 
4 180 185 0 (-2688 2048 4096 ) (-2048 2048 4096 ) (-2048 2048 4832 ) (-2688 2048 4832 ) 
4 180 181 0 (-2048 2048 4096 ) (-2688 2048 4096 ) (-2688 2176 4096 ) (-2048 2176 4096 ) 
4 181 186 0 (-2688 2048 3072 ) (-2048 2048 3072 ) (-2048 2048 4096 ) (-2688 2048 4096 ) 
4 181 182 0 (-2048 2048 3072 ) (-2688 2048 3072 ) (-2688 2176 3072 ) (-2048 2176 3072 ) 
4 182 187 0 (-2688 2048 2048 ) (-2048 2048 2048 ) (-2048 2048 3072 ) (-2688 2048 3072 ) 
4 182 183 0 (-2048 2048 2048 ) (-2688 2048 2048 ) (-2688 2176 2048 ) (-2048 2176 2048 ) 
4 183 188 0 (-2688 2048 1024 ) (-2048 2048 1024 ) (-2048 2048 2048 ) (-2688 2048 2048 ) 
4 183 184 0 (-2048 2048 1024 ) (-2688 2048 1024 ) (-2688 2176 1024 ) (-2048 2176 1024 ) 
4 184 189 0 (-2048 2048 0 ) (-2048 2048 1024 ) (-2688 2048 1024 ) (-2688 2048 0 ) 
4 185 190 0 (-2048 1024 4096 ) (-2048 1024 4832 ) (-2688 1024 4832 ) (-2688 1024 4096 ) 
4 185 186 0 (-2048 1024 4096 ) (-2688 1024 4096 ) (-2688 2048 4096 ) (-2048 2048 4096 ) 
4 186 191 0 (-2048 1024 3072 ) (-2048 1024 4096 ) (-2688 1024 4096 ) (-2688 1024 3072 ) 
4 186 187 0 (-2048 1024 3072 ) (-2688 1024 3072 ) (-2688 2048 3072 ) (-2048 2048 3072 ) 
4 187 192 0 (-2048 1024 2048 ) (-2048 1024 3072 ) (-2688 1024 3072 ) (-2688 1024 2048 ) 
4 187 188 0 (-2048 1024 2048 ) (-2688 1024 2048 ) (-2688 2048 2048 ) (-2048 2048 2048 ) 
4 188 193 0 (-2048 1024 1024 ) (-2048 1024 2048 ) (-2688 1024 2048 ) (-2688 1024 1024 ) 
4 188 189 0 (-2048 1024 1024 ) (-2688 1024 1024 ) (-2688 2048 1024 ) (-2048 2048 1024 ) 
4 189 194 0 (-2048 1024 0 ) (-2048 1024 1024 ) (-2688 1024 1024 ) (-2688 1024 0 ) 
4 190 195 0 (-2688 0 4096 ) (-2048 0 4096 ) (-2048 0 4832 ) (-2688 0 4832 ) 
4 190 191 0 (-2048 0 4096 ) (-2688 0 4096 ) (-2688 1024 4096 ) (-2048 1024 4096 ) 
4 191 196 0 (-2688 0 3072 ) (-2048 0 3072 ) (-2048 0 4096 ) (-2688 0 4096 ) 
4 191 192 0 (-2048 0 3072 ) (-2688 0 3072 ) (-2688 1024 3072 ) (-2048 1024 3072 ) 
4 192 197 0 (-2688 0 2048 ) (-2048 0 2048 ) (-2048 0 3072 ) (-2688 0 3072 ) 
4 192 193 0 (-2048 0 2048 ) (-2688 0 2048 ) (-2688 1024 2048 ) (-2048 1024 2048 ) 
4 193 198 0 (-2688 0 1024 ) (-2048 0 1024 ) (-2048 0 2048 ) (-2688 0 2048 ) 
4 193 194 0 (-2048 0 1024 ) (-2688 0 1024 ) (-2688 1024 1024 ) (-2048 1024 1024 ) 
4 194 199 0 (-2688 0 0 ) (-2048 0 0 ) (-2048 0 1024 ) (-2688 0 1024 ) 
4 195 200 0 (-2048 -1024 4096 ) (-2048 -1024 4832 ) (-2688 -1024 4832 ) (-2688 -1024 4096 ) 
4 195 196 0 (-2048 -1024 4096 ) (-2688 -1024 4096 ) (-2688 0 4096 ) (-2048 0 4096 ) 
4 196 201 0 (-2048 -1024 3072 ) (-2048 -1024 4096 ) (-2688 -1024 4096 ) (-2688 -1024 3072 ) 
4 196 197 0 (-2048 -1024 3072 ) (-2688 -1024 3072 ) (-2688 0 3072 ) (-2048 0 3072 ) 
4 197 202 0 (-2048 -1024 2048 ) (-2048 -1024 3072 ) (-2688 -1024 3072 ) (-2688 -1024 2048 ) 
4 197 198 0 (-2048 -1024 2048 ) (-2688 -1024 2048 ) (-2688 0 2048 ) (-2048 0 2048 ) 
4 198 203 0 (-2048 -1024 1024 ) (-2048 -1024 2048 ) (-2688 -1024 2048 ) (-2688 -1024 1024 ) 
4 198 199 0 (-2048 -1024 1024 ) (-2688 -1024 1024 ) (-2688 0 1024 ) (-2048 0 1024 ) 
4 199 204 0 (-2048 -1024 0 ) (-2048 -1024 1024 ) (-2688 -1024 1024 ) (-2688 -1024 0 ) 
4 200 205 0 (-2688 -2048 4096 ) (-2048 -2048 4096 ) (-2048 -2048 4832 ) (-2688 -2048 4832 ) 
4 200 201 0 (-2048 -2048 4096 ) (-2688 -2048 4096 ) (-2688 -1024 4096 ) (-2048 -1024 4096 ) 
4 201 206 0 (-2688 -2048 3072 ) (-2048 -2048 3072 ) (-2048 -2048 4096 ) (-2688 -2048 4096 ) 
4 201 202 0 (-2048 -2048 3072 ) (-2688 -2048 3072 ) (-2688 -1024 3072 ) (-2048 -1024 3072 ) 
4 202 207 0 (-2688 -2048 2048 ) (-2048 -2048 2048 ) (-2048 -2048 3072 ) (-2688 -2048 3072 ) 
4 202 203 0 (-2048 -2048 2048 ) (-2688 -2048 2048 ) (-2688 -1024 2048 ) (-2048 -1024 2048 ) 
4 203 208 0 (-2688 -2048 1024 ) (-2048 -2048 1024 ) (-2048 -2048 2048 ) (-2688 -2048 2048 ) 
4 203 204 0 (-2048 -2048 1024 ) (-2688 -2048 1024 ) (-2688 -1024 1024 ) (-2048 -1024 1024 ) 
4 204 209 0 (-2688 -2048 0 ) (-2048 -2048 0 ) (-2048 -2048 1024 ) (-2688 -2048 1024 ) 
4 205 206 0 (-2688 -2048 4096 ) (-2048 -2048 4096 ) (-2048 -2112 4096 ) (-2688 -2112 4096 ) 
4 206 207 0 (-2688 -2048 3072 ) (-2048 -2048 3072 ) (-2048 -2112 3072 ) (-2688 -2112 3072 ) 
4 207 208 0 (-2688 -2048 2048 ) (-2048 -2048 2048 ) (-2048 -2112 2048 ) (-2688 -2112 2048 ) 
4 208 209 0 (-2688 -2048 1024 ) (-2048 -2048 1024 ) (-2048 -2112 1024 ) (-2688 -2112 1024 ) 
4 0 (2880 2176 4832 ) (2880 2048 4832 ) (2880 2048 4096 ) (2880 2176 4096 ) 
4 0 (2880 2176 4832 ) (2048 2176 4832 ) (2048 2048 4832 ) (2880 2048 4832 ) 
4 0 (2048 2176 4832 ) (2880 2176 4832 ) (2880 2176 4096 ) (2048 2176 4096 ) 
4 1 (2048 2176 4096 ) (2880 2176 4096 ) (2880 2176 3072 ) (2048 2176 3072 ) 
4 1 (2880 2048 4096 ) (2880 2048 3072 ) (2880 2176 3072 ) (2880 2176 4096 ) 
4 2 (2880 2176 3072 ) (2880 2048 3072 ) (2880 2048 2048 ) (2880 2176 2048 ) 
4 2 (2048 2176 3072 ) (2880 2176 3072 ) (2880 2176 2048 ) (2048 2176 2048 ) 
4 3 (2048 2176 2048 ) (2880 2176 2048 ) (2880 2176 1024 ) (2048 2176 1024 ) 
4 3 (2880 2048 2048 ) (2880 2048 1024 ) (2880 2176 1024 ) (2880 2176 2048 ) 
4 4 (2048 2176 1024 ) (2880 2176 1024 ) (2880 2176 0 ) (2048 2176 0 ) 
4 4 (2880 2048 0 ) (2048 2048 0 ) (2048 2176 0 ) (2880 2176 0 ) 
4 4 (2880 2048 1024 ) (2880 2048 0 ) (2880 2176 0 ) (2880 2176 1024 ) 
4 5 (2880 2048 4832 ) (2048 2048 4832 ) (2048 1024 4832 ) (2880 1024 4832 ) 
4 5 (2880 2048 4832 ) (2880 1024 4832 ) (2880 1024 4096 ) (2880 2048 4096 ) 
4 6 (2880 2048 4096 ) (2880 1024 4096 ) (2880 1024 3072 ) (2880 2048 3072 ) 
4 7 (2880 2048 3072 ) (2880 1024 3072 ) (2880 1024 2048 ) (2880 2048 2048 ) 
4 8 (2880 2048 2048 ) (2880 1024 2048 ) (2880 1024 1024 ) (2880 2048 1024 ) 
4 9 (2880 1024 0 ) (2048 1024 0 ) (2048 2048 0 ) (2880 2048 0 ) 
4 9 (2880 2048 1024 ) (2880 1024 1024 ) (2880 1024 0 ) (2880 2048 0 ) 
4 10 (2880 0 4832 ) (2880 0 4096 ) (2880 1024 4096 ) (2880 1024 4832 ) 
4 10 (2048 0 4832 ) (2880 0 4832 ) (2880 1024 4832 ) (2048 1024 4832 ) 
4 11 (2880 1024 4096 ) (2880 0 4096 ) (2880 0 3072 ) (2880 1024 3072 ) 
4 12 (2880 1024 3072 ) (2880 0 3072 ) (2880 0 2048 ) (2880 1024 2048 ) 
4 13 (2880 1024 2048 ) (2880 0 2048 ) (2880 0 1024 ) (2880 1024 1024 ) 
4 14 (2880 1024 0 ) (2880 1024 1024 ) (2880 0 1024 ) (2880 0 0 ) 
4 14 (2048 1024 0 ) (2880 1024 0 ) (2880 0 0 ) (2048 0 0 ) 
4 15 (2880 0 4832 ) (2048 0 4832 ) (2048 -1024 4832 ) (2880 -1024 4832 ) 
4 15 (2880 0 4832 ) (2880 -1024 4832 ) (2880 -1024 4096 ) (2880 0 4096 ) 
4 16 (2880 0 4096 ) (2880 -1024 4096 ) (2880 -1024 3072 ) (2880 0 3072 ) 
4 17 (2880 0 3072 ) (2880 -1024 3072 ) (2880 -1024 2048 ) (2880 0 2048 ) 
4 18 (2880 0 2048 ) (2880 -1024 2048 ) (2880 -1024 1024 ) (2880 0 1024 ) 
4 19 (2880 -1024 0 ) (2048 -1024 0 ) (2048 0 0 ) (2880 0 0 ) 
4 19 (2880 0 1024 ) (2880 -1024 1024 ) (2880 -1024 0 ) (2880 0 0 ) 
4 20 (2880 -2048 4832 ) (2880 -2048 4096 ) (2880 -1024 4096 ) (2880 -1024 4832 ) 
4 20 (2048 -2048 4832 ) (2880 -2048 4832 ) (2880 -1024 4832 ) (2048 -1024 4832 ) 
4 21 (2880 -1024 4096 ) (2880 -2048 4096 ) (2880 -2048 3072 ) (2880 -1024 3072 ) 
4 22 (2880 -1024 3072 ) (2880 -2048 3072 ) (2880 -2048 2048 ) (2880 -1024 2048 ) 
4 23 (2880 -1024 2048 ) (2880 -2048 2048 ) (2880 -2048 1024 ) (2880 -1024 1024 ) 
4 24 (2880 -1024 0 ) (2880 -1024 1024 ) (2880 -2048 1024 ) (2880 -2048 0 ) 
4 24 (2048 -1024 0 ) (2880 -1024 0 ) (2880 -2048 0 ) (2048 -2048 0 ) 
4 25 (2048 -2112 4096 ) (2880 -2112 4096 ) (2880 -2112 4832 ) (2048 -2112 4832 ) 
4 25 (2880 -2112 4832 ) (2880 -2048 4832 ) (2048 -2048 4832 ) (2048 -2112 4832 ) 
4 25 (2880 -2048 4832 ) (2880 -2112 4832 ) (2880 -2112 4096 ) (2880 -2048 4096 ) 
4 26 (2880 -2048 4096 ) (2880 -2112 4096 ) (2880 -2112 3072 ) (2880 -2048 3072 ) 
4 26 (2048 -2112 3072 ) (2880 -2112 3072 ) (2880 -2112 4096 ) (2048 -2112 4096 ) 
4 27 (2048 -2112 2048 ) (2880 -2112 2048 ) (2880 -2112 3072 ) (2048 -2112 3072 ) 
4 27 (2880 -2048 3072 ) (2880 -2112 3072 ) (2880 -2112 2048 ) (2880 -2048 2048 ) 
4 28 (2880 -2048 2048 ) (2880 -2112 2048 ) (2880 -2112 1024 ) (2880 -2048 1024 ) 
4 28 (2048 -2112 1024 ) (2880 -2112 1024 ) (2880 -2112 2048 ) (2048 -2112 2048 ) 
4 29 (2880 -2048 0 ) (2880 -2048 1024 ) (2880 -2112 1024 ) (2880 -2112 0 ) 
4 29 (2880 -2112 1024 ) (2048 -2112 1024 ) (2048 -2112 0 ) (2880 -2112 0 ) 
4 29 (2048 -2048 0 ) (2880 -2048 0 ) (2880 -2112 0 ) (2048 -2112 0 ) 
4 30 (2048 2176 4832 ) (1024 2176 4832 ) (1024 2048 4832 ) (2048 2048 4832 ) 
4 30 (1024 2176 4832 ) (2048 2176 4832 ) (2048 2176 4096 ) (1024 2176 4096 ) 
4 31 (1024 2176 4096 ) (2048 2176 4096 ) (2048 2176 3072 ) (1024 2176 3072 ) 
4 32 (1024 2176 3072 ) (2048 2176 3072 ) (2048 2176 2048 ) (1024 2176 2048 ) 
4 33 (1024 2176 2048 ) (2048 2176 2048 ) (2048 2176 1024 ) (1024 2176 1024 ) 
4 34 (2048 2048 0 ) (1024 2048 0 ) (1024 2176 0 ) (2048 2176 0 ) 
4 34 (1024 2176 1024 ) (2048 2176 1024 ) (2048 2176 0 ) (1024 2176 0 ) 
4 35 (2048 2048 4832 ) (1024 2048 4832 ) (1024 1024 4832 ) (2048 1024 4832 ) 
4 39 (2048 1024 0 ) (1024 1024 0 ) (1024 2048 0 ) (2048 2048 0 ) 
4 40 (2048 1024 4832 ) (1024 1024 4832 ) (1024 0 4832 ) (2048 0 4832 ) 
4 44 (2048 0 0 ) (1024 0 0 ) (1024 1024 0 ) (2048 1024 0 ) 
4 45 (2048 0 4832 ) (1024 0 4832 ) (1024 -1024 4832 ) (2048 -1024 4832 ) 
4 49 (2048 -1024 0 ) (1024 -1024 0 ) (1024 0 0 ) (2048 0 0 ) 
4 50 (2048 -1024 4832 ) (1024 -1024 4832 ) (1024 -2048 4832 ) (2048 -2048 4832 ) 
4 54 (2048 -2048 0 ) (1024 -2048 0 ) (1024 -1024 0 ) (2048 -1024 0 ) 
4 55 (2048 -2112 4832 ) (2048 -2048 4832 ) (1024 -2048 4832 ) (1024 -2112 4832 ) 
4 55 (1024 -2112 4096 ) (2048 -2112 4096 ) (2048 -2112 4832 ) (1024 -2112 4832 ) 
4 56 (1024 -2112 3072 ) (2048 -2112 3072 ) (2048 -2112 4096 ) (1024 -2112 4096 ) 
4 57 (1024 -2112 2048 ) (2048 -2112 2048 ) (2048 -2112 3072 ) (1024 -2112 3072 ) 
4 58 (1024 -2112 1024 ) (2048 -2112 1024 ) (2048 -2112 2048 ) (1024 -2112 2048 ) 
4 59 (2048 -2112 0 ) (2048 -2112 1024 ) (1024 -2112 1024 ) (1024 -2112 0 ) 
4 59 (2048 -2112 0 ) (1024 -2112 0 ) (1024 -2048 0 ) (2048 -2048 0 ) 
4 60 (1024 2176 4832 ) (1024 2176 4096 ) (0 2176 4096 ) (0 2176 4832 ) 
4 60 (1024 2176 4832 ) (0 2176 4832 ) (0 2048 4832 ) (1024 2048 4832 ) 
4 61 (0 2176 4096 ) (1024 2176 4096 ) (1024 2176 3072 ) (0 2176 3072 ) 
4 62 (0 2176 3072 ) (1024 2176 3072 ) (1024 2176 2048 ) (0 2176 2048 ) 
4 63 (0 2176 2048 ) (1024 2176 2048 ) (1024 2176 1024 ) (0 2176 1024 ) 
4 64 (0 2176 0 ) (0 2176 1024 ) (1024 2176 1024 ) (1024 2176 0 ) 
4 64 (1024 2048 0 ) (0 2048 0 ) (0 2176 0 ) (1024 2176 0 ) 
4 65 (1024 2048 4832 ) (0 2048 4832 ) (0 1024 4832 ) (1024 1024 4832 ) 
4 69 (1024 1024 0 ) (0 1024 0 ) (0 2048 0 ) (1024 2048 0 ) 
4 70 (1024 1024 4832 ) (0 1024 4832 ) (0 0 4832 ) (1024 0 4832 ) 
3 74 (24 72 87.996452 ) (0 64 -0.002403 ) (0 80 -0.002363 ) 
3 74 (24 8 87.996239 ) (0 0 -0.002563 ) (0 16 -0.002523 ) 
3 74 (24 128 87.996643 ) (0 112 -0.002283 ) (0 128 -0.002243 ) 
3 75 (16 128 0 ) (19.201031 118.399994 35.200008 ) (24.001112 128 88 ) 
4 75 (112 127.996094 0 ) (128 127.996094 0 ) (88.012268 104.002464 87.972946 ) (88.007385 104.002464 87.972946 ) 
4 75 (64 127.996094 0 ) (80 127.996094 0 ) (72.002464 104.002472 87.972862 ) (71.997498 104.002472 87.972862 ) 
4 75 (16 128 0 ) (16 1024 0 ) (1024 1024 0 ) (1024 128 0 ) 
3 76 (128 112 0 ) (112 112 0 ) (88 104 88 ) 
3 76 (80 112 0 ) (72 112 0 ) (72 104 88.007813 ) 
3 76 (88 96 0 ) (104 96 0 ) (112 88 87.998512 ) 
4 76 (72 96 0 ) (72 112 0 ) (1024 112 0 ) (1024 96 0 ) 
3 77 (128 16 0 ) (128 0 0 ) (136 8 88 ) 
4 77 (1024 0 0 ) (128 0 0 ) (128 96 0 ) (1024 96 0 ) 
3 78 (136 8 88 ) (128 0 0 ) (112 0 0 ) 
3 79 (104 80 0 ) (96 82.666664 29.333321 ) (112 88 88 ) 
3 79 (104.001709 64 0 ) (104.001495 56 0 ) (99.201408 54.399998 17.599998 ) 
3 79 (104 56 0 ) (120 56 0 ) (128 48 88 ) 
4 79 (104 56 0 ) (104 80 0 ) (128 80 0 ) (128 56 0 ) 
5 80 (120 16 0 ) (128 16 0 ) (136 8 87.992188 ) (135.997864 8 87.992188 ) (124 12 44 ) 
4 80 (128 48.004730 88 ) (120 56.004669 0 ) (120 40 0 ) (128 48 88 ) 
4 80 (120 56 0 ) (128 56 0 ) (128 16 0 ) (120 16 0 ) 
4 81 (104.001495 56 0 ) (104.001282 48 0 ) (79.998726 15.998007 88.005486 ) (99.201408 54.400002 17.599998 ) 
3 81 (103.996094 56 0 ) (128.001953 48 88.007813 ) (103.997620 40 0 ) 
3 82 (112 16 0 ) (120 16 0 ) (124 12 44 ) 
4 82 (104 16 0 ) (104 40 0 ) (120 40 0 ) (120 16 0 ) 
5 82 (103.996094 40.001301 0.014313 ) (127.992188 48 88 ) (128 48 88.001961 ) (120 40 0 ) (104 40 0 ) 
4 83 (112 0 0 ) (104 0 0 ) (104 16 0 ) (112 16 0 ) 
5 83 (112 16.001865 0 ) (136 8.001515 88.003845 ) (136 8 88.003853 ) (112.006592 0 0.026787 ) (112 0 0 ) 
3 84 (72 24 0 ) (72 8 0 ) (72 32 88 ) 
3 84 (80 15.998581 88.003906 ) (88 48 0 ) (88 64 0 ) 
4 84 (88 0 0 ) (72 0 0 ) (72 80 0 ) (88 80 0 ) 
3 85 (88 48.001972 0 ) (79.998047 15.996094 88.015625 ) (104.002312 48.001778 0 ) 
4 85 (104 0 0 ) (88 0 0 ) (88 48 0 ) (104 48 0 ) 
3 86 (104 80 0 ) (88 80 0 ) (96 82.666664 29.333321 ) 
4 86 (88 64 0 ) (88 80 0 ) (104 80 0 ) (104 64 0 ) 
3 86 (104 64.001381 0 ) (80 16 88 ) (88 64 0 ) 
3 87 (104 80.008499 0 ) (111.996094 88.004883 87.960938 ) (104 96.001328 0 ) 
4 87 (104 96 0 ) (128 96 0 ) (128 80 0 ) (104 80 0 ) 
4 88 (72 80 0 ) (72 96 0 ) (88 96 0 ) (88 80 0 ) 
3 88 (87.997444 96 0 ) (112 88 88.007813 ) (87.997871 80 0 ) 
3 89 (16 80 0 ) (16 64 0 ) (24.001114 72 88 ) 
3 89 (32 88 0 ) (32 104 0 ) (40 96 88 ) 
4 89 (16 64 0 ) (16 112 0 ) (32 112 0 ) (32 64 0 ) 
3 90 (64 56 88 ) (40 64 0 ) (56 64 0 ) 
3 90 (32.003632 88 0 ) (40.001816 95.998901 87.980064 ) (48 88 0 ) 
4 90 (72 88 0 ) (72 64 0 ) (32 64 0 ) (32 88 0 ) 
3 91 (72 112 0 ) (64 112 0 ) (72 104 88.007813 ) 
3 91 (40 96 88 ) (32 104 0 ) (48 104 0 ) 
4 91 (32 112 0 ) (72 112 0 ) (72 104 0 ) (32 104 0 ) 
4 92 (72 104 0 ) (72 88 0 ) (48 88 0 ) (48 104 0 ) 
3 92 (40 96 87.992188 ) (48 104 0 ) (48 88 0 ) 
3 93 (40 48 0 ) (40 63.997875 0 ) (63.996483 55.998970 87.988647 ) 
4 93 (16 24 0 ) (16 64 0 ) (40 64 0 ) (40 24 0 ) 
3 94 (72 24 0 ) (72 32 88 ) (56 24 0 ) 
3 94 (64 56 88 ) (56 64 0 ) (56 48 0 ) 
4 94 (56 64 0 ) (72 64 0 ) (72 24 0 ) (56 24 0 ) 
4 95 (56 48 0 ) (56 24 0 ) (40 24 0 ) (40 48 0 ) 
4 95 (64.002838 56 88 ) (56.002754 48 0 ) (39.995953 48 0 ) (63.996094 56 88 ) 
4 96 (16 8 0 ) (16 0 0 ) (24.001110 8 88 ) (18.001009 14 22 ) 
3 96 (72 31.998755 88 ) (72 7.998756 0 ) (56 8 0 ) 
4 96 (72 0 0 ) (16 0 0 ) (16 8 0 ) (72 8 0 ) 
3 97 (16 16 0 ) (16 8 0 ) (18.001009 14 22 ) 
4 97 (16 8 0 ) (16 24 0 ) (56 24 0 ) (56 8 0 ) 
3 97 (72 32 88 ) (56 8 0 ) (56 24 0 ) 
3 98 (16 128 0 ) (16 112 0 ) (19.201031 118.399994 35.200001 ) 
3 98 (71.997070 104.009766 87.968750 ) (64 112.006920 0 ) (64 128 0 ) 
4 98 (16 112 0 ) (16 128 0 ) (64 128 0 ) (64 112 0 ) 
3 99 (127.996094 111.995117 0 ) (87.984375 103.992188 88.031250 ) (127.998581 128 0 ) 
4 99 (128 128 0 ) (1024 128 0 ) (1024 112 0 ) (128 112 0 ) 
4 100 (80 111.992188 0 ) (72 103.992188 88.004639 ) (72 103.998726 88.004639 ) (80 128 0 ) 
4 100 (80 128 0 ) (112 128 0 ) (112 112 0 ) (80 112 0 ) 
3 100 (112 128 0 ) (88.001190 104.001198 87.995636 ) (112 112 0 ) 
3 101 (0 128 0 ) (16.003906 128 0 ) (24.005852 128 88.021461 ) 
4 101 (0 128 0 ) (0 1024 0 ) (16 1024 0 ) (16 128 0 ) 
3 102 (24 8 87.998047 ) (16 0 0 ) (0 0 0 ) 
3 103 (0 80 0 ) (15.989570 80 0 ) (23.987268 72.004761 87.953323 ) 
4 103 (0 80 0 ) (0 112 0 ) (16 112 0 ) (16 80 0 ) 
3 103 (24 127.998932 87.998047 ) (16 112 0 ) (0 112 0 ) 
4 104 (0 16 0 ) (16.008369 16 0 ) (24.007813 8 87.992188 ) (23.997868 8 87.992188 ) 
4 104 (0 16 0 ) (0 64 0 ) (16 64 0 ) (16 16 0 ) 
3 104 (23.988550 71.996536 87.958023 ) (15.996405 64 0 ) (0 64 0 ) 
4 105 (1024 0 4832 ) (0 0 4832 ) (0 -1024 4832 ) (1024 -1024 4832 ) 
4 109 (1024 -1024 0 ) (0 -1024 0 ) (0 0 0 ) (1024 0 0 ) 
4 110 (1024 -1024 4832 ) (0 -1024 4832 ) (0 -2048 4832 ) (1024 -2048 4832 ) 
4 114 (1024 -2048 0 ) (0 -2048 0 ) (0 -1024 0 ) (1024 -1024 0 ) 
4 115 (0 -2112 4832 ) (0 -2112 4096 ) (1024 -2112 4096 ) (1024 -2112 4832 ) 
4 115 (1024 -2048 4832 ) (0 -2048 4832 ) (0 -2112 4832 ) (1024 -2112 4832 ) 
4 116 (0 -2112 3072 ) (1024 -2112 3072 ) (1024 -2112 4096 ) (0 -2112 4096 ) 
4 117 (0 -2112 2048 ) (1024 -2112 2048 ) (1024 -2112 3072 ) (0 -2112 3072 ) 
4 118 (0 -2112 1024 ) (1024 -2112 1024 ) (1024 -2112 2048 ) (0 -2112 2048 ) 
4 119 (0 -2112 0 ) (0 -2048 0 ) (1024 -2048 0 ) (1024 -2112 0 ) 
4 119 (0 -2112 0 ) (1024 -2112 0 ) (1024 -2112 1024 ) (0 -2112 1024 ) 
4 120 (0 2176 4832 ) (-1024 2176 4832 ) (-1024 2048 4832 ) (0 2048 4832 ) 
4 120 (-1024 2176 4832 ) (0 2176 4832 ) (0 2176 4096 ) (-1024 2176 4096 ) 
4 121 (-1024 2176 4096 ) (0 2176 4096 ) (0 2176 3072 ) (-1024 2176 3072 ) 
4 122 (-1024 2176 3072 ) (0 2176 3072 ) (0 2176 2048 ) (-1024 2176 2048 ) 
4 123 (-1024 2176 2048 ) (0 2176 2048 ) (0 2176 1024 ) (-1024 2176 1024 ) 
4 124 (0 2048 0 ) (-1024 2048 0 ) (-1024 2176 0 ) (0 2176 0 ) 
4 124 (-1024 2176 1024 ) (0 2176 1024 ) (0 2176 0 ) (-1024 2176 0 ) 
4 125 (0 2048 4832 ) (-1024 2048 4832 ) (-1024 1024 4832 ) (0 1024 4832 ) 
4 129 (0 1024 0 ) (-1024 1024 0 ) (-1024 2048 0 ) (0 2048 0 ) 
4 130 (0 1024 4832 ) (-1024 1024 4832 ) (-1024 0 4832 ) (0 0 4832 ) 
4 134 (0 0 0 ) (-1024 0 0 ) (-1024 1024 0 ) (0 1024 0 ) 
4 135 (0 0 4832 ) (-1024 0 4832 ) (-1024 -1024 4832 ) (0 -1024 4832 ) 
4 139 (0 -1024 0 ) (-1024 -1024 0 ) (-1024 0 0 ) (0 0 0 ) 
4 140 (0 -1024 4832 ) (-1024 -1024 4832 ) (-1024 -2048 4832 ) (0 -2048 4832 ) 
4 144 (0 -2048 0 ) (-1024 -2048 0 ) (-1024 -1024 0 ) (0 -1024 0 ) 
4 145 (0 -2112 4832 ) (0 -2048 4832 ) (-1024 -2048 4832 ) (-1024 -2112 4832 ) 
4 145 (-1024 -2112 4096 ) (0 -2112 4096 ) (0 -2112 4832 ) (-1024 -2112 4832 ) 
4 146 (-1024 -2112 3072 ) (0 -2112 3072 ) (0 -2112 4096 ) (-1024 -2112 4096 ) 
4 147 (-1024 -2112 2048 ) (0 -2112 2048 ) (0 -2112 3072 ) (-1024 -2112 3072 ) 
4 148 (-1024 -2112 1024 ) (0 -2112 1024 ) (0 -2112 2048 ) (-1024 -2112 2048 ) 
4 149 (0 -2112 0 ) (0 -2112 1024 ) (-1024 -2112 1024 ) (-1024 -2112 0 ) 
4 149 (0 -2112 0 ) (-1024 -2112 0 ) (-1024 -2048 0 ) (0 -2048 0 ) 
4 150 (-1024 2176 4832 ) (-1024 2176 4096 ) (-2048 2176 4096 ) (-2048 2176 4832 ) 
4 150 (-1024 2176 4832 ) (-2048 2176 4832 ) (-2048 2048 4832 ) (-1024 2048 4832 ) 
4 151 (-2048 2176 4096 ) (-1024 2176 4096 ) (-1024 2176 3072 ) (-2048 2176 3072 ) 
4 152 (-2048 2176 3072 ) (-1024 2176 3072 ) (-1024 2176 2048 ) (-2048 2176 2048 ) 
4 153 (-2048 2176 2048 ) (-1024 2176 2048 ) (-1024 2176 1024 ) (-2048 2176 1024 ) 
4 154 (-2048 2176 0 ) (-2048 2176 1024 ) (-1024 2176 1024 ) (-1024 2176 0 ) 
4 154 (-1024 2048 0 ) (-2048 2048 0 ) (-2048 2176 0 ) (-1024 2176 0 ) 
4 155 (-1024 2048 4832 ) (-2048 2048 4832 ) (-2048 1024 4832 ) (-1024 1024 4832 ) 
4 159 (-1024 1024 0 ) (-2048 1024 0 ) (-2048 2048 0 ) (-1024 2048 0 ) 
4 160 (-1024 1024 4832 ) (-2048 1024 4832 ) (-2048 0 4832 ) (-1024 0 4832 ) 
4 164 (-1024 0 0 ) (-2048 0 0 ) (-2048 1024 0 ) (-1024 1024 0 ) 
4 165 (-1024 0 4832 ) (-2048 0 4832 ) (-2048 -1024 4832 ) (-1024 -1024 4832 ) 
4 169 (-1024 -1024 0 ) (-2048 -1024 0 ) (-2048 0 0 ) (-1024 0 0 ) 
4 170 (-1024 -1024 4832 ) (-2048 -1024 4832 ) (-2048 -2048 4832 ) (-1024 -2048 4832 ) 
4 174 (-1024 -2048 0 ) (-2048 -2048 0 ) (-2048 -1024 0 ) (-1024 -1024 0 ) 
4 175 (-2048 -2112 4832 ) (-2048 -2112 4096 ) (-1024 -2112 4096 ) (-1024 -2112 4832 ) 
4 175 (-1024 -2048 4832 ) (-2048 -2048 4832 ) (-2048 -2112 4832 ) (-1024 -2112 4832 ) 
4 176 (-2048 -2112 3072 ) (-1024 -2112 3072 ) (-1024 -2112 4096 ) (-2048 -2112 4096 ) 
4 177 (-2048 -2112 2048 ) (-1024 -2112 2048 ) (-1024 -2112 3072 ) (-2048 -2112 3072 ) 
4 178 (-2048 -2112 1024 ) (-1024 -2112 1024 ) (-1024 -2112 2048 ) (-2048 -2112 2048 ) 
4 179 (-2048 -2112 0 ) (-2048 -2048 0 ) (-1024 -2048 0 ) (-1024 -2112 0 ) 
4 179 (-2048 -2112 0 ) (-1024 -2112 0 ) (-1024 -2112 1024 ) (-2048 -2112 1024 ) 
4 180 (-2688 2176 4096 ) (-2688 2048 4096 ) (-2688 2048 4832 ) (-2688 2176 4832 ) 
4 180 (-2048 2176 4832 ) (-2688 2176 4832 ) (-2688 2048 4832 ) (-2048 2048 4832 ) 
4 180 (-2048 2176 4832 ) (-2048 2176 4096 ) (-2688 2176 4096 ) (-2688 2176 4832 ) 
4 181 (-2688 2176 4096 ) (-2048 2176 4096 ) (-2048 2176 3072 ) (-2688 2176 3072 ) 
4 181 (-2688 2176 4096 ) (-2688 2176 3072 ) (-2688 2048 3072 ) (-2688 2048 4096 ) 
4 182 (-2688 2176 2048 ) (-2688 2048 2048 ) (-2688 2048 3072 ) (-2688 2176 3072 ) 
4 182 (-2048 2176 3072 ) (-2048 2176 2048 ) (-2688 2176 2048 ) (-2688 2176 3072 ) 
4 183 (-2688 2176 2048 ) (-2048 2176 2048 ) (-2048 2176 1024 ) (-2688 2176 1024 ) 
4 183 (-2688 2176 2048 ) (-2688 2176 1024 ) (-2688 2048 1024 ) (-2688 2048 2048 ) 
4 184 (-2048 2176 1024 ) (-2048 2176 0 ) (-2688 2176 0 ) (-2688 2176 1024 ) 
4 184 (-2688 2048 0 ) (-2688 2048 1024 ) (-2688 2176 1024 ) (-2688 2176 0 ) 
4 184 (-2048 2048 0 ) (-2688 2048 0 ) (-2688 2176 0 ) (-2048 2176 0 ) 
4 185 (-2048 2048 4832 ) (-2688 2048 4832 ) (-2688 1024 4832 ) (-2048 1024 4832 ) 
4 185 (-2688 2048 4096 ) (-2688 1024 4096 ) (-2688 1024 4832 ) (-2688 2048 4832 ) 
4 186 (-2688 2048 3072 ) (-2688 1024 3072 ) (-2688 1024 4096 ) (-2688 2048 4096 ) 
4 187 (-2688 2048 2048 ) (-2688 1024 2048 ) (-2688 1024 3072 ) (-2688 2048 3072 ) 
4 188 (-2688 2048 1024 ) (-2688 1024 1024 ) (-2688 1024 2048 ) (-2688 2048 2048 ) 
4 189 (-2688 1024 0 ) (-2688 1024 1024 ) (-2688 2048 1024 ) (-2688 2048 0 ) 
4 189 (-2048 1024 0 ) (-2688 1024 0 ) (-2688 2048 0 ) (-2048 2048 0 ) 
4 190 (-2688 1024 4832 ) (-2688 1024 4096 ) (-2688 0 4096 ) (-2688 0 4832 ) 
4 190 (-2048 1024 4832 ) (-2688 1024 4832 ) (-2688 0 4832 ) (-2048 0 4832 ) 
4 191 (-2688 1024 3072 ) (-2688 0 3072 ) (-2688 0 4096 ) (-2688 1024 4096 ) 
4 192 (-2688 1024 2048 ) (-2688 0 2048 ) (-2688 0 3072 ) (-2688 1024 3072 ) 
4 193 (-2688 1024 1024 ) (-2688 0 1024 ) (-2688 0 2048 ) (-2688 1024 2048 ) 
4 194 (-2048 0 0 ) (-2688 0 0 ) (-2688 1024 0 ) (-2048 1024 0 ) 
4 194 (-2688 1024 0 ) (-2688 0 0 ) (-2688 0 1024 ) (-2688 1024 1024 ) 
4 195 (-2048 0 4832 ) (-2688 0 4832 ) (-2688 -1024 4832 ) (-2048 -1024 4832 ) 
4 195 (-2688 0 4096 ) (-2688 -1024 4096 ) (-2688 -1024 4832 ) (-2688 0 4832 ) 
4 196 (-2688 0 3072 ) (-2688 -1024 3072 ) (-2688 -1024 4096 ) (-2688 0 4096 ) 
4 197 (-2688 0 2048 ) (-2688 -1024 2048 ) (-2688 -1024 3072 ) (-2688 0 3072 ) 
4 198 (-2688 0 1024 ) (-2688 -1024 1024 ) (-2688 -1024 2048 ) (-2688 0 2048 ) 
4 199 (-2688 -1024 0 ) (-2688 -1024 1024 ) (-2688 0 1024 ) (-2688 0 0 ) 
4 199 (-2048 -1024 0 ) (-2688 -1024 0 ) (-2688 0 0 ) (-2048 0 0 ) 
4 200 (-2688 -1024 4832 ) (-2688 -1024 4096 ) (-2688 -2048 4096 ) (-2688 -2048 4832 ) 
4 200 (-2048 -1024 4832 ) (-2688 -1024 4832 ) (-2688 -2048 4832 ) (-2048 -2048 4832 ) 
4 201 (-2688 -1024 3072 ) (-2688 -2048 3072 ) (-2688 -2048 4096 ) (-2688 -1024 4096 ) 
4 202 (-2688 -1024 2048 ) (-2688 -2048 2048 ) (-2688 -2048 3072 ) (-2688 -1024 3072 ) 
4 203 (-2688 -1024 1024 ) (-2688 -2048 1024 ) (-2688 -2048 2048 ) (-2688 -1024 2048 ) 
4 204 (-2048 -2048 0 ) (-2688 -2048 0 ) (-2688 -1024 0 ) (-2048 -1024 0 ) 
4 204 (-2688 -1024 0 ) (-2688 -2048 0 ) (-2688 -2048 1024 ) (-2688 -1024 1024 ) 
4 205 (-2688 -2048 4096 ) (-2688 -2112 4096 ) (-2688 -2112 4832 ) (-2688 -2048 4832 ) 
4 205 (-2688 -2112 4832 ) (-2048 -2112 4832 ) (-2048 -2048 4832 ) (-2688 -2048 4832 ) 
4 205 (-2688 -2112 4832 ) (-2688 -2112 4096 ) (-2048 -2112 4096 ) (-2048 -2112 4832 ) 
4 206 (-2688 -2112 3072 ) (-2048 -2112 3072 ) (-2048 -2112 4096 ) (-2688 -2112 4096 ) 
4 206 (-2688 -2048 3072 ) (-2688 -2112 3072 ) (-2688 -2112 4096 ) (-2688 -2048 4096 ) 
4 207 (-2688 -2048 2048 ) (-2688 -2112 2048 ) (-2688 -2112 3072 ) (-2688 -2048 3072 ) 
4 207 (-2688 -2112 3072 ) (-2688 -2112 2048 ) (-2048 -2112 2048 ) (-2048 -2112 3072 ) 
4 208 (-2688 -2112 1024 ) (-2048 -2112 1024 ) (-2048 -2112 2048 ) (-2688 -2112 2048 ) 
4 208 (-2688 -2048 1024 ) (-2688 -2112 1024 ) (-2688 -2112 2048 ) (-2688 -2048 2048 ) 
4 209 (-2688 -2112 0 ) (-2688 -2048 0 ) (-2048 -2048 0 ) (-2048 -2112 0 ) 
4 209 (-2688 -2112 1024 ) (-2688 -2048 1024 ) (-2688 -2048 0 ) (-2688 -2112 0 ) 
4 209 (-2688 -2112 1024 ) (-2688 -2112 0 ) (-2048 -2112 0 ) (-2048 -2112 1024 ) 
