PRT1
11
19
46
4 0 7 0 (0 0 0 ) (0 0 512 ) (0 1024 512 ) (0 1024 0 ) 
4 0 3 0 (0 0 512 ) (0 0 32 ) (128 0 32 ) (128 0 512 ) 
4 0 2 0 (128 0 0 ) (1024 0 0 ) (1024 0 512 ) (128 0 512 ) 
4 0 1 0 (1024 0 0 ) (0 0 0 ) (0 1024 0 ) (1024 1024 0 ) 
4 1 8 0 (0 0 -64 ) (0 0 0 ) (0 1024 0 ) (0 1024 -64 ) 
4 1 5 0 (128 0 -64 ) (1024 0 -64 ) (1024 0 0 ) (128 0 0 ) 
4 2 5 0 (128 0 0 ) (1024 0 0 ) (1024 -256 0 ) (128 -256 0 ) 
4 2 4 0 (128 -256 0 ) (1024 -256 0 ) (1024 -256 512 ) (128 -256 512 ) 
4 2 3 0 (128 -256 32 ) (128 -256 512 ) (128 0 512 ) (128 0 32 ) 
4 3 9 0 (0 0 512 ) (0 0 32 ) (0 -256 32 ) (0 -256 512 ) 
4 3 4 0 (0 -256 512 ) (0 -256 32 ) (128 -256 32 ) (128 -256 512 ) 
4 4 9 0 (0 -1024 512 ) (0 -256 512 ) (0 -256 0 ) (0 -1024 0 ) 
4 4 6 0 (0 -1024 0 ) (0 -256 0 ) (1024 -256 0 ) (1024 -1024 0 ) 
4 5 6 0 (128 -256 -64 ) (1024 -256 -64 ) (1024 -256 0 ) (128 -256 0 ) 
4 6 10 0 (0 -1024 -64 ) (0 -1024 0 ) (0 -256 0 ) (0 -256 -64 ) 
4 7 9 0 (-1024 0 0 ) (0 0 0 ) (0 0 512 ) (-1024 0 512 ) 
4 7 8 0 (0 0 0 ) (-1024 0 0 ) (-1024 1024 0 ) (0 1024 0 ) 
4 8 10 0 (0 0 -64 ) (0 0 0 ) (-1024 0 0 ) (-1024 0 -64 ) 
4 9 10 0 (-1024 0 0 ) (0 0 0 ) (0 -1024 0 ) (-1024 -1024 0 ) 
4 0 (0 0 32 ) (0 0 0 ) (96 0 0 ) (128 0 32 ) 
3 0 (96 0 0 ) (128 0 0 ) (128 0 32 ) 
4 0 (0 1024 512 ) (0 0 512 ) (1024 0 512 ) (1024 1024 512 ) 
4 0 (1024 1024 512 ) (1024 0 512 ) (1024 0 0 ) (1024 1024 0 ) 
4 0 (0 1024 512 ) (1024 1024 512 ) (1024 1024 0 ) (0 1024 0 ) 
4 1 (0 0 0 ) (0 0 -64 ) (128 0 -64 ) (128 0 0 ) 
4 1 (0 1024 0 ) (1024 1024 0 ) (1024 1024 -64 ) (0 1024 -64 ) 
4 1 (1024 0 -64 ) (0 0 -64 ) (0 1024 -64 ) (1024 1024 -64 ) 
4 1 (1024 0 0 ) (1024 0 -64 ) (1024 1024 -64 ) (1024 1024 0 ) 
4 2 (128 0 0 ) (128 -256 0 ) (128 -256 32 ) (128 0 32 ) 
4 2 (1024 0 512 ) (128 0 512 ) (128 -256 512 ) (1024 -256 512 ) 
4 2 (1024 0 512 ) (1024 -256 512 ) (1024 -256 0 ) (1024 0 0 ) 
4 3 (32 -32 0 ) (96 -32 0 ) (96 -224 0 ) (32 -224 0 ) 
4 3 (32 -224 0 ) (96 -224 0 ) (128 -256 32 ) (0 -256 32 ) 
4 3 (128 0 32 ) (128 -256 32 ) (96 -224 0 ) (96 -32 0 ) 
4 3 (128 0 512 ) (0 0 512 ) (0 -256 512 ) (128 -256 512 ) 
5 3 (128 0 32 ) (128 -0.007813 31.992188 ) (96.007813 -32 0 ) (32 -32 0 ) (0 0 32 ) 
5 3 (0 0 32 ) (0.007813 0 31.992199 ) (32 -31.992195 0 ) (32 -223.992188 0 ) (0 -255.992188 32 ) 
4 4 (0 -1024 0 ) (1024 -1024 0 ) (1024 -1024 512 ) (0 -1024 512 ) 
3 4 (128 -256 32 ) (128 -256 0 ) (96 -256 0 ) 
4 4 (128 -256 32 ) (96 -256 0 ) (0 -256 0 ) (0 -256 32 ) 
4 4 (1024 -1024 512 ) (1024 -256 512 ) (0 -256 512 ) (0 -1024 512 ) 
4 4 (1024 -256 0 ) (1024 -256 512 ) (1024 -1024 512 ) (1024 -1024 0 ) 
4 5 (1024 -256 -64 ) (1024 0 -64 ) (1024 0 0 ) (1024 -256 0 ) 
4 5 (128 0 -64 ) (1024 0 -64 ) (1024 -256 -64 ) (128 -256 -64 ) 
4 5 (128 0 -64 ) (128 -256 -64 ) (128 -256 0 ) (128 0 0 ) 
4 6 (0 -256 0 ) (128 -256 0 ) (128 -256 -64 ) (0 -256 -64 ) 
4 6 (1024 -256 -64 ) (1024 -1024 -64 ) (0 -1024 -64 ) (0 -256 -64 ) 
4 6 (1024 -1024 0 ) (0 -1024 0 ) (0 -1024 -64 ) (1024 -1024 -64 ) 
4 6 (1024 -256 -64 ) (1024 -256 0 ) (1024 -1024 0 ) (1024 -1024 -64 ) 
4 7 (0 1024 512 ) (-1024 1024 512 ) (-1024 0 512 ) (0 0 512 ) 
4 7 (-1024 1024 0 ) (-1024 0 0 ) (-1024 0 512 ) (-1024 1024 512 ) 
4 7 (0 1024 0 ) (-1024 1024 0 ) (-1024 1024 512 ) (0 1024 512 ) 
4 8 (0 1024 0 ) (0 1024 -64 ) (-1024 1024 -64 ) (-1024 1024 0 ) 
4 8 (-1024 0 -64 ) (-1024 0 0 ) (-1024 1024 0 ) (-1024 1024 -64 ) 
4 8 (0 0 -64 ) (-1024 0 -64 ) (-1024 1024 -64 ) (0 1024 -64 ) 
4 9 (0 -1024 512 ) (0 0 512 ) (-1024 0 512 ) (-1024 -1024 512 ) 
3 9 (0 -32 0 ) (0 0 0 ) (0 0 32 ) 
3 9 (0 -256 32 ) (0 -256 0 ) (0 -224 0 ) 
4 9 (0 -256 32 ) (0 -224 0 ) (0 -32 0 ) (0 0 32 ) 
4 9 (-1024 0 512 ) (-1024 0 0 ) (-1024 -1024 0 ) (-1024 -1024 512 ) 
4 9 (0 -1024 512 ) (-1024 -1024 512 ) (-1024 -1024 0 ) (0 -1024 0 ) 
4 10 (-1024 -1024 -64 ) (-1024 0 -64 ) (0 0 -64 ) (0 -1024 -64 ) 
4 10 (0 -256 -64 ) (0 0 -64 ) (0 0 0 ) (0 -256 0 ) 
4 10 (-1024 -1024 0 ) (-1024 0 0 ) (-1024 0 -64 ) (-1024 -1024 -64 ) 
4 10 (-1024 -1024 0 ) (-1024 -1024 -64 ) (0 -1024 -64 ) (0 -1024 0 ) 
